TimeQuest Timing Analyzer report for MasterVerilog
Fri Oct 24 18:44:21 2014
Quartus II 64-Bit Version 13.0.1 Build 232 06/12/2013 Service Pack 1 SJ Web Edition


---------------------
; Table of Contents ;
---------------------
  1. Legal Notice
  2. TimeQuest Timing Analyzer Summary
  3. Parallel Compilation
  4. Clocks
  5. Slow Model Fmax Summary
  6. Slow Model Setup Summary
  7. Slow Model Hold Summary
  8. Slow Model Recovery Summary
  9. Slow Model Removal Summary
 10. Slow Model Minimum Pulse Width Summary
 11. Propagation Delay
 12. Minimum Propagation Delay
 13. Fast Model Setup Summary
 14. Fast Model Hold Summary
 15. Fast Model Recovery Summary
 16. Fast Model Removal Summary
 17. Fast Model Minimum Pulse Width Summary
 18. Propagation Delay
 19. Minimum Propagation Delay
 20. Multicorner Timing Analysis Summary
 21. Progagation Delay
 22. Minimum Progagation Delay
 23. Clock Transfers
 24. Report TCCS
 25. Report RSKM
 26. Unconstrained Paths
 27. TimeQuest Timing Analyzer Messages



----------------
; Legal Notice ;
----------------
Copyright (C) 1991-2013 Altera Corporation
Your use of Altera Corporation's design tools, logic functions 
and other software and tools, and its AMPP partner logic 
functions, and any output files from any of the foregoing 
(including device programming or simulation files), and any 
associated documentation or information are expressly subject 
to the terms and conditions of the Altera Program License 
Subscription Agreement, Altera MegaCore Function License 
Agreement, or other applicable license agreement, including, 
without limitation, that your use is for the sole purpose of 
programming logic devices manufactured by Altera and sold by 
Altera or its authorized distributors.  Please refer to the 
applicable agreement for further details.



+----------------------------------------------------------------------------------------+
; TimeQuest Timing Analyzer Summary                                                      ;
+--------------------+-------------------------------------------------------------------+
; Quartus II Version ; Version 13.0.1 Build 232 06/12/2013 Service Pack 1 SJ Web Edition ;
; Revision Name      ; MasterVerilog                                                     ;
; Device Family      ; Cyclone II                                                        ;
; Device Name        ; EP2C35F672C6                                                      ;
; Timing Models      ; Final                                                             ;
; Delay Model        ; Combined                                                          ;
; Rise/Fall Delays   ; Unavailable                                                       ;
+--------------------+-------------------------------------------------------------------+


Parallel compilation was disabled, but you have multiple processors available. Enable parallel compilation to reduce compilation time.
+-------------------------------------+
; Parallel Compilation                ;
+----------------------------+--------+
; Processors                 ; Number ;
+----------------------------+--------+
; Number detected on machine ; 4      ;
; Maximum allowed            ; 1      ;
+----------------------------+--------+


----------
; Clocks ;
----------
No clocks to report.


---------------------------
; Slow Model Fmax Summary ;
---------------------------
No paths to report.


----------------------------
; Slow Model Setup Summary ;
----------------------------
No paths to report.


---------------------------
; Slow Model Hold Summary ;
---------------------------
No paths to report.


-------------------------------
; Slow Model Recovery Summary ;
-------------------------------
No paths to report.


------------------------------
; Slow Model Removal Summary ;
------------------------------
No paths to report.


------------------------------------------
; Slow Model Minimum Pulse Width Summary ;
------------------------------------------
No paths to report.


+--------------------------------------------------------------+
; Propagation Delay                                            ;
+------------+-------------+--------+--------+--------+--------+
; Input Port ; Output Port ; RR     ; RF     ; FR     ; FF     ;
+------------+-------------+--------+--------+--------+--------+
; pushBut[0] ; Hex0[0]     ;        ; 12.076 ; 12.076 ;        ;
; pushBut[0] ; Hex0[1]     ;        ; 12.902 ; 12.902 ;        ;
; pushBut[0] ; Hex0[2]     ;        ; 11.827 ; 11.827 ;        ;
; pushBut[0] ; Hex0[3]     ;        ; 13.607 ; 13.607 ;        ;
; pushBut[0] ; Hex0[4]     ;        ; 12.869 ; 12.869 ;        ;
; pushBut[0] ; Hex0[5]     ;        ; 12.927 ; 12.927 ;        ;
; pushBut[0] ; Hex0[6]     ; 12.961 ;        ;        ; 12.961 ;
; pushBut[0] ; Hex1[0]     ;        ; 10.530 ; 10.530 ;        ;
; pushBut[0] ; Hex1[1]     ; 10.518 ;        ;        ; 10.518 ;
; pushBut[0] ; Hex1[2]     ; 10.039 ;        ;        ; 10.039 ;
; pushBut[0] ; Hex1[3]     ; 10.073 ;        ;        ; 10.073 ;
; pushBut[0] ; Hex1[4]     ;        ; 10.136 ; 10.136 ;        ;
; pushBut[0] ; Hex1[5]     ;        ; 10.068 ; 10.068 ;        ;
; pushBut[0] ; Hex1[6]     ;        ; 10.096 ; 10.096 ;        ;
; pushBut[0] ; Hex2[0]     ;        ; 10.588 ; 10.588 ;        ;
; pushBut[0] ; Hex2[1]     ; 10.371 ;        ;        ; 10.371 ;
; pushBut[0] ; Hex2[2]     ; 10.182 ;        ;        ; 10.182 ;
; pushBut[0] ; Hex2[3]     ; 10.912 ;        ;        ; 10.912 ;
; pushBut[0] ; Hex2[4]     ;        ; 9.819  ; 9.819  ;        ;
; pushBut[0] ; Hex2[5]     ;        ; 10.902 ; 10.902 ;        ;
; pushBut[0] ; Hex2[6]     ;        ; 9.799  ; 9.799  ;        ;
; pushBut[0] ; Hex3[0]     ;        ; 10.402 ; 10.402 ;        ;
; pushBut[0] ; Hex3[1]     ;        ; 11.084 ; 11.084 ;        ;
; pushBut[0] ; Hex3[2]     ;        ; 10.042 ; 10.042 ;        ;
; pushBut[0] ; Hex3[3]     ;        ; 10.454 ; 10.454 ;        ;
; pushBut[0] ; Hex3[4]     ;        ; 10.327 ; 10.327 ;        ;
; pushBut[0] ; Hex3[5]     ;        ; 10.094 ; 10.094 ;        ;
; pushBut[0] ; Hex3[6]     ; 10.040 ;        ;        ; 10.040 ;
; pushBut[0] ; Hex4[2]     ;        ; 13.912 ; 13.912 ;        ;
; pushBut[0] ; Hex4[5]     ;        ; 13.903 ; 13.903 ;        ;
; pushBut[0] ; Hex4[6]     ; 13.889 ;        ;        ; 13.889 ;
; pushBut[0] ; Hex6[0]     ;        ; 13.850 ; 13.850 ;        ;
; pushBut[0] ; Hex6[3]     ;        ; 14.108 ; 14.108 ;        ;
; pushBut[0] ; Hex6[4]     ;        ; 14.108 ; 14.108 ;        ;
; pushBut[0] ; Hex6[5]     ;        ; 14.088 ; 14.088 ;        ;
; pushBut[2] ; green[8]    ; 9.623  ;        ;        ; 9.623  ;
; switch[0]  ; Hex0[0]     ; 8.302  ; 8.302  ; 8.302  ; 8.302  ;
; switch[0]  ; Hex0[1]     ; 9.664  ; 9.664  ; 9.664  ; 9.664  ;
; switch[0]  ; Hex0[2]     ; 9.635  ;        ;        ; 9.635  ;
; switch[0]  ; Hex0[3]     ;        ; 9.563  ; 9.563  ;        ;
; switch[0]  ; Hex0[4]     ; 9.323  ; 9.323  ; 9.323  ; 9.323  ;
; switch[0]  ; Hex0[5]     ; 9.530  ; 9.530  ; 9.530  ; 9.530  ;
; switch[0]  ; Hex0[6]     ;        ; 8.748  ; 8.748  ;        ;
; switch[0]  ; Hex1[0]     ; 7.419  ;        ;        ; 7.419  ;
; switch[0]  ; Hex1[1]     ; 6.737  ;        ;        ; 6.737  ;
; switch[0]  ; Hex1[2]     ; 7.706  ; 7.706  ; 7.706  ; 7.706  ;
; switch[0]  ; Hex1[3]     ; 7.007  ; 7.007  ; 7.007  ; 7.007  ;
; switch[0]  ; Hex1[4]     ; 6.533  ;        ;        ; 6.533  ;
; switch[0]  ; Hex1[5]     ;        ; 7.731  ; 7.731  ;        ;
; switch[0]  ; Hex1[6]     ; 7.941  ; 7.941  ; 7.941  ; 7.941  ;
; switch[0]  ; Hex2[0]     ; 7.216  ; 7.216  ; 7.216  ; 7.216  ;
; switch[0]  ; Hex2[1]     ; 7.093  ; 7.093  ; 7.093  ; 7.093  ;
; switch[0]  ; Hex2[2]     ; 8.082  ;        ;        ; 8.082  ;
; switch[0]  ; Hex2[3]     ;        ; 7.572  ; 7.572  ;        ;
; switch[0]  ; Hex2[4]     ; 7.480  ; 7.480  ; 7.480  ; 7.480  ;
; switch[0]  ; Hex2[5]     ; 7.528  ; 7.528  ; 7.528  ; 7.528  ;
; switch[0]  ; Hex2[6]     ; 7.601  ; 7.601  ; 7.601  ; 7.601  ;
; switch[0]  ; Hex3[0]     ; 7.291  ;        ;        ; 7.291  ;
; switch[0]  ; Hex3[1]     ; 6.810  ;        ;        ; 6.810  ;
; switch[0]  ; Hex3[2]     ; 7.706  ; 7.706  ; 7.706  ; 7.706  ;
; switch[0]  ; Hex3[3]     ; 7.386  ; 7.386  ; 7.386  ; 7.386  ;
; switch[0]  ; Hex3[4]     ; 7.046  ;        ;        ; 7.046  ;
; switch[0]  ; Hex3[5]     ;        ; 7.757  ; 7.757  ;        ;
; switch[0]  ; Hex3[6]     ; 7.883  ; 7.883  ; 7.883  ; 7.883  ;
; switch[0]  ; Hex4[2]     ; 9.867  ;        ;        ; 9.867  ;
; switch[0]  ; Hex4[5]     ; 9.858  ;        ;        ; 9.858  ;
; switch[0]  ; Hex4[6]     ;        ; 9.844  ; 9.844  ;        ;
; switch[0]  ; Hex6[0]     ; 9.805  ;        ;        ; 9.805  ;
; switch[0]  ; Hex6[3]     ; 10.063 ;        ;        ; 10.063 ;
; switch[0]  ; Hex6[4]     ; 10.063 ;        ;        ; 10.063 ;
; switch[0]  ; Hex6[5]     ; 10.043 ;        ;        ; 10.043 ;
; switch[1]  ; Hex0[0]     ; 7.921  ; 7.921  ; 7.921  ; 7.921  ;
; switch[1]  ; Hex0[2]     ;        ; 8.665  ; 8.665  ;        ;
; switch[1]  ; Hex0[3]     ;        ; 9.310  ; 9.310  ;        ;
; switch[1]  ; Hex0[4]     ; 9.090  ; 9.090  ; 9.090  ; 9.090  ;
; switch[1]  ; Hex0[5]     ;        ; 9.305  ; 9.305  ;        ;
; switch[1]  ; Hex0[6]     ;        ; 8.494  ; 8.494  ;        ;
; switch[1]  ; Hex1[0]     ; 7.045  ; 7.045  ; 7.045  ; 7.045  ;
; switch[1]  ; Hex1[2]     ;        ; 6.775  ; 6.775  ;        ;
; switch[1]  ; Hex1[3]     ; 6.631  ; 6.631  ; 6.631  ; 6.631  ;
; switch[1]  ; Hex1[4]     ;        ; 6.512  ; 6.512  ;        ;
; switch[1]  ; Hex1[5]     ;        ; 6.794  ; 6.794  ;        ;
; switch[1]  ; Hex1[6]     ;        ; 7.010  ; 7.010  ;        ;
; switch[1]  ; Hex2[0]     ; 6.965  ; 6.965  ; 6.965  ; 6.965  ;
; switch[1]  ; Hex2[2]     ;        ; 7.112  ; 7.112  ;        ;
; switch[1]  ; Hex2[3]     ;        ; 7.319  ; 7.319  ;        ;
; switch[1]  ; Hex2[4]     ; 6.546  ; 6.546  ; 6.546  ; 6.546  ;
; switch[1]  ; Hex2[5]     ;        ; 6.609  ; 6.609  ;        ;
; switch[1]  ; Hex2[6]     ; 6.676  ; 6.676  ; 6.676  ; 6.676  ;
; switch[1]  ; Hex3[0]     ; 6.917  ; 6.917  ; 6.917  ; 6.917  ;
; switch[1]  ; Hex3[2]     ;        ; 6.775  ; 6.775  ;        ;
; switch[1]  ; Hex3[3]     ; 7.010  ; 7.010  ; 7.010  ; 7.010  ;
; switch[1]  ; Hex3[4]     ;        ; 6.001  ; 6.001  ;        ;
; switch[1]  ; Hex3[5]     ;        ; 6.820  ; 6.820  ;        ;
; switch[1]  ; Hex3[6]     ;        ; 6.952  ; 6.952  ;        ;
; switch[1]  ; Hex4[2]     ; 9.615  ;        ;        ; 9.615  ;
; switch[1]  ; Hex4[5]     ; 9.606  ;        ;        ; 9.606  ;
; switch[1]  ; Hex4[6]     ;        ; 9.592  ; 9.592  ;        ;
; switch[1]  ; Hex6[0]     ; 9.553  ;        ;        ; 9.553  ;
; switch[1]  ; Hex6[3]     ; 9.811  ;        ;        ; 9.811  ;
; switch[1]  ; Hex6[4]     ; 9.811  ;        ;        ; 9.811  ;
; switch[1]  ; Hex6[5]     ; 9.791  ;        ;        ; 9.791  ;
; switch[2]  ; Hex0[0]     ;        ; 8.277  ; 8.277  ;        ;
; switch[2]  ; Hex0[1]     ; 9.808  ; 9.808  ; 9.808  ; 9.808  ;
; switch[2]  ; Hex0[2]     ;        ; 9.659  ; 9.659  ;        ;
; switch[2]  ; Hex0[3]     ;        ; 8.948  ; 8.948  ;        ;
; switch[2]  ; Hex0[4]     ; 9.423  ; 9.423  ; 9.423  ; 9.423  ;
; switch[2]  ; Hex0[5]     ; 9.632  ; 9.632  ; 9.632  ; 9.632  ;
; switch[2]  ; Hex0[6]     ;        ; 9.154  ; 9.154  ;        ;
; switch[2]  ; Hex1[0]     ; 7.566  ; 7.566  ; 7.566  ; 7.566  ;
; switch[2]  ; Hex1[1]     ;        ; 7.592  ; 7.592  ;        ;
; switch[2]  ; Hex1[2]     ; 7.728  ; 7.728  ; 7.728  ; 7.728  ;
; switch[2]  ; Hex1[3]     ;        ; 7.155  ; 7.155  ;        ;
; switch[2]  ; Hex1[4]     ; 7.171  ;        ;        ; 7.171  ;
; switch[2]  ; Hex1[5]     ; 7.765  ;        ;        ; 7.765  ;
; switch[2]  ; Hex1[6]     ; 7.974  ; 7.974  ; 7.974  ; 7.974  ;
; switch[2]  ; Hex2[0]     ;        ; 6.595  ; 6.595  ;        ;
; switch[2]  ; Hex2[1]     ; 7.237  ; 7.237  ; 7.237  ; 7.237  ;
; switch[2]  ; Hex2[2]     ;        ; 8.106  ; 8.106  ;        ;
; switch[2]  ; Hex2[3]     ;        ; 6.903  ; 6.903  ;        ;
; switch[2]  ; Hex2[4]     ; 7.516  ; 7.516  ; 7.516  ; 7.516  ;
; switch[2]  ; Hex2[5]     ; 7.573  ; 7.573  ; 7.573  ; 7.573  ;
; switch[2]  ; Hex2[6]     ; 7.630  ; 7.630  ; 7.630  ; 7.630  ;
; switch[2]  ; Hex3[0]     ; 7.438  ; 7.438  ; 7.438  ; 7.438  ;
; switch[2]  ; Hex3[1]     ;        ; 6.787  ; 6.787  ;        ;
; switch[2]  ; Hex3[2]     ; 7.728  ; 7.728  ; 7.728  ; 7.728  ;
; switch[2]  ; Hex3[3]     ;        ; 7.534  ; 7.534  ;        ;
; switch[2]  ; Hex3[4]     ; 7.500  ;        ;        ; 7.500  ;
; switch[2]  ; Hex3[5]     ; 7.791  ;        ;        ; 7.791  ;
; switch[2]  ; Hex3[6]     ; 7.916  ; 7.916  ; 7.916  ; 7.916  ;
; switch[2]  ; Hex4[2]     ; 9.217  ;        ;        ; 9.217  ;
; switch[2]  ; Hex4[5]     ; 9.208  ;        ;        ; 9.208  ;
; switch[2]  ; Hex4[6]     ;        ; 9.194  ; 9.194  ;        ;
; switch[2]  ; Hex6[0]     ; 9.155  ;        ;        ; 9.155  ;
; switch[2]  ; Hex6[3]     ; 9.413  ;        ;        ; 9.413  ;
; switch[2]  ; Hex6[4]     ; 9.413  ;        ;        ; 9.413  ;
; switch[2]  ; Hex6[5]     ; 9.393  ;        ;        ; 9.393  ;
; switch[3]  ; Hex0[0]     ;        ; 8.420  ; 8.420  ;        ;
; switch[3]  ; Hex0[1]     ; 9.683  ;        ;        ; 9.683  ;
; switch[3]  ; Hex0[2]     ; 8.647  ;        ;        ; 8.647  ;
; switch[3]  ; Hex0[3]     ;        ; 9.351  ; 9.351  ;        ;
; switch[3]  ; Hex0[4]     ;        ; 9.469  ; 9.469  ;        ;
; switch[3]  ; Hex0[5]     ;        ; 9.436  ; 9.436  ;        ;
; switch[3]  ; Hex0[6]     ;        ; 9.898  ; 9.898  ;        ;
; switch[3]  ; Hex1[0]     ; 7.316  ;        ;        ; 7.316  ;
; switch[3]  ; Hex1[1]     ;        ; 7.970  ; 7.970  ;        ;
; switch[3]  ; Hex1[2]     ;        ; 6.831  ; 6.831  ;        ;
; switch[3]  ; Hex1[3]     ;        ; 6.775  ; 6.775  ;        ;
; switch[3]  ; Hex1[4]     ;        ; 7.552  ; 7.552  ;        ;
; switch[3]  ; Hex1[5]     ; 6.887  ;        ;        ; 6.887  ;
; switch[3]  ; Hex1[6]     ;        ; 6.676  ; 6.676  ;        ;
; switch[3]  ; Hex2[0]     ;        ; 7.672  ; 7.672  ;        ;
; switch[3]  ; Hex2[1]     ; 7.158  ;        ;        ; 7.158  ;
; switch[3]  ; Hex2[2]     ; 6.733  ;        ;        ; 6.733  ;
; switch[3]  ; Hex2[3]     ;        ; 8.021  ; 8.021  ;        ;
; switch[3]  ; Hex2[4]     ;        ; 6.598  ; 6.598  ;        ;
; switch[3]  ; Hex2[5]     ;        ; 7.986  ; 7.986  ;        ;
; switch[3]  ; Hex2[6]     ;        ; 6.615  ; 6.615  ;        ;
; switch[3]  ; Hex3[0]     ; 7.188  ;        ;        ; 7.188  ;
; switch[3]  ; Hex3[1]     ;        ; 7.831  ; 7.831  ;        ;
; switch[3]  ; Hex3[2]     ;        ; 6.822  ; 6.822  ;        ;
; switch[3]  ; Hex3[3]     ;        ; 7.136  ; 7.136  ;        ;
; switch[3]  ; Hex3[4]     ;        ; 7.101  ; 7.101  ;        ;
; switch[3]  ; Hex3[5]     ; 6.913  ;        ;        ; 6.913  ;
; switch[3]  ; Hex3[6]     ;        ; 6.651  ; 6.651  ;        ;
; switch[3]  ; Hex4[2]     ;        ; 9.618  ; 9.618  ;        ;
; switch[3]  ; Hex4[5]     ;        ; 9.609  ; 9.609  ;        ;
; switch[3]  ; Hex4[6]     ; 9.595  ;        ;        ; 9.595  ;
; switch[3]  ; Hex6[0]     ;        ; 9.556  ; 9.556  ;        ;
; switch[3]  ; Hex6[3]     ;        ; 9.814  ; 9.814  ;        ;
; switch[3]  ; Hex6[4]     ;        ; 9.814  ; 9.814  ;        ;
; switch[3]  ; Hex6[5]     ;        ; 9.794  ; 9.794  ;        ;
; switch[4]  ; Hex0[0]     ;        ; 7.733  ; 7.733  ;        ;
; switch[4]  ; Hex0[1]     ; 9.093  ;        ;        ; 9.093  ;
; switch[4]  ; Hex0[2]     ; 8.400  ;        ;        ; 8.400  ;
; switch[4]  ; Hex0[3]     ;        ; 9.046  ; 9.046  ;        ;
; switch[4]  ; Hex0[4]     ;        ; 8.972  ; 8.972  ;        ;
; switch[4]  ; Hex0[5]     ;        ; 9.033  ; 9.033  ;        ;
; switch[4]  ; Hex0[6]     ;        ; 9.019  ; 9.019  ;        ;
; switch[4]  ; Hex1[0]     ; 6.580  ;        ;        ; 6.580  ;
; switch[4]  ; Hex1[1]     ;        ; 6.683  ; 6.683  ;        ;
; switch[4]  ; Hex1[2]     ;        ; 6.567  ; 6.567  ;        ;
; switch[4]  ; Hex1[3]     ;        ; 6.123  ; 6.123  ;        ;
; switch[4]  ; Hex1[4]     ;        ; 6.189  ; 6.189  ;        ;
; switch[4]  ; Hex1[5]     ; 6.617  ;        ;        ; 6.617  ;
; switch[4]  ; Hex1[6]     ;        ; 6.652  ; 6.652  ;        ;
; switch[4]  ; Hex2[0]     ;        ; 6.693  ; 6.693  ;        ;
; switch[4]  ; Hex2[1]     ; 6.565  ;        ;        ; 6.565  ;
; switch[4]  ; Hex2[2]     ; 6.325  ;        ;        ; 6.325  ;
; switch[4]  ; Hex2[3]     ;        ; 6.958  ; 6.958  ;        ;
; switch[4]  ; Hex2[4]     ;        ; 6.318  ; 6.318  ;        ;
; switch[4]  ; Hex2[5]     ;        ; 7.008  ; 7.008  ;        ;
; switch[4]  ; Hex2[6]     ;        ; 6.346  ; 6.346  ;        ;
; switch[4]  ; Hex3[0]     ; 6.452  ;        ;        ; 6.452  ;
; switch[4]  ; Hex3[1]     ;        ; 6.465  ; 6.465  ;        ;
; switch[4]  ; Hex3[2]     ;        ; 6.542  ; 6.542  ;        ;
; switch[4]  ; Hex3[3]     ;        ; 6.506  ; 6.506  ;        ;
; switch[4]  ; Hex3[4]     ;        ; 6.444  ; 6.444  ;        ;
; switch[4]  ; Hex3[5]     ; 6.643  ;        ;        ; 6.643  ;
; switch[4]  ; Hex3[6]     ;        ; 6.592  ; 6.592  ;        ;
; switch[4]  ; Hex4[2]     ;        ; 9.942  ; 9.942  ;        ;
; switch[4]  ; Hex4[5]     ;        ; 9.933  ; 9.933  ;        ;
; switch[4]  ; Hex4[6]     ; 9.919  ;        ;        ; 9.919  ;
; switch[4]  ; Hex6[0]     ;        ; 9.880  ; 9.880  ;        ;
; switch[4]  ; Hex6[3]     ;        ; 10.138 ; 10.138 ;        ;
; switch[4]  ; Hex6[4]     ;        ; 10.138 ; 10.138 ;        ;
; switch[4]  ; Hex6[5]     ;        ; 10.118 ; 10.118 ;        ;
+------------+-------------+--------+--------+--------+--------+


+--------------------------------------------------------------+
; Minimum Propagation Delay                                    ;
+------------+-------------+--------+--------+--------+--------+
; Input Port ; Output Port ; RR     ; RF     ; FR     ; FF     ;
+------------+-------------+--------+--------+--------+--------+
; pushBut[0] ; Hex0[0]     ;        ; 12.076 ; 12.076 ;        ;
; pushBut[0] ; Hex0[1]     ;        ; 12.902 ; 12.902 ;        ;
; pushBut[0] ; Hex0[2]     ;        ; 11.827 ; 11.827 ;        ;
; pushBut[0] ; Hex0[3]     ;        ; 13.607 ; 13.607 ;        ;
; pushBut[0] ; Hex0[4]     ;        ; 12.869 ; 12.869 ;        ;
; pushBut[0] ; Hex0[5]     ;        ; 12.927 ; 12.927 ;        ;
; pushBut[0] ; Hex0[6]     ; 12.961 ;        ;        ; 12.961 ;
; pushBut[0] ; Hex1[0]     ;        ; 10.530 ; 10.530 ;        ;
; pushBut[0] ; Hex1[1]     ; 10.518 ;        ;        ; 10.518 ;
; pushBut[0] ; Hex1[2]     ; 10.039 ;        ;        ; 10.039 ;
; pushBut[0] ; Hex1[3]     ; 10.073 ;        ;        ; 10.073 ;
; pushBut[0] ; Hex1[4]     ;        ; 10.136 ; 10.136 ;        ;
; pushBut[0] ; Hex1[5]     ;        ; 10.068 ; 10.068 ;        ;
; pushBut[0] ; Hex1[6]     ;        ; 10.096 ; 10.096 ;        ;
; pushBut[0] ; Hex2[0]     ;        ; 10.588 ; 10.588 ;        ;
; pushBut[0] ; Hex2[1]     ; 10.371 ;        ;        ; 10.371 ;
; pushBut[0] ; Hex2[2]     ; 10.182 ;        ;        ; 10.182 ;
; pushBut[0] ; Hex2[3]     ; 10.912 ;        ;        ; 10.912 ;
; pushBut[0] ; Hex2[4]     ;        ; 9.819  ; 9.819  ;        ;
; pushBut[0] ; Hex2[5]     ;        ; 10.902 ; 10.902 ;        ;
; pushBut[0] ; Hex2[6]     ;        ; 9.799  ; 9.799  ;        ;
; pushBut[0] ; Hex3[0]     ;        ; 10.402 ; 10.402 ;        ;
; pushBut[0] ; Hex3[1]     ;        ; 11.084 ; 11.084 ;        ;
; pushBut[0] ; Hex3[2]     ;        ; 10.042 ; 10.042 ;        ;
; pushBut[0] ; Hex3[3]     ;        ; 10.454 ; 10.454 ;        ;
; pushBut[0] ; Hex3[4]     ;        ; 10.327 ; 10.327 ;        ;
; pushBut[0] ; Hex3[5]     ;        ; 10.094 ; 10.094 ;        ;
; pushBut[0] ; Hex3[6]     ; 10.040 ;        ;        ; 10.040 ;
; pushBut[0] ; Hex4[2]     ;        ; 13.912 ; 13.912 ;        ;
; pushBut[0] ; Hex4[5]     ;        ; 13.903 ; 13.903 ;        ;
; pushBut[0] ; Hex4[6]     ; 13.889 ;        ;        ; 13.889 ;
; pushBut[0] ; Hex6[0]     ;        ; 13.850 ; 13.850 ;        ;
; pushBut[0] ; Hex6[3]     ;        ; 14.108 ; 14.108 ;        ;
; pushBut[0] ; Hex6[4]     ;        ; 14.108 ; 14.108 ;        ;
; pushBut[0] ; Hex6[5]     ;        ; 14.088 ; 14.088 ;        ;
; pushBut[2] ; green[8]    ; 9.623  ;        ;        ; 9.623  ;
; switch[0]  ; Hex0[0]     ; 8.302  ; 8.302  ; 8.302  ; 8.302  ;
; switch[0]  ; Hex0[1]     ; 9.664  ; 9.664  ; 9.664  ; 9.664  ;
; switch[0]  ; Hex0[2]     ; 9.635  ;        ;        ; 9.635  ;
; switch[0]  ; Hex0[3]     ;        ; 9.563  ; 9.563  ;        ;
; switch[0]  ; Hex0[4]     ; 9.323  ; 9.323  ; 9.323  ; 9.323  ;
; switch[0]  ; Hex0[5]     ; 9.530  ; 9.530  ; 9.530  ; 9.530  ;
; switch[0]  ; Hex0[6]     ;        ; 8.748  ; 8.748  ;        ;
; switch[0]  ; Hex1[0]     ; 7.419  ;        ;        ; 7.419  ;
; switch[0]  ; Hex1[1]     ; 6.737  ;        ;        ; 6.737  ;
; switch[0]  ; Hex1[2]     ; 7.706  ; 7.706  ; 7.706  ; 7.706  ;
; switch[0]  ; Hex1[3]     ; 7.007  ; 7.007  ; 7.007  ; 7.007  ;
; switch[0]  ; Hex1[4]     ; 6.533  ;        ;        ; 6.533  ;
; switch[0]  ; Hex1[5]     ;        ; 7.731  ; 7.731  ;        ;
; switch[0]  ; Hex1[6]     ; 7.941  ; 7.941  ; 7.941  ; 7.941  ;
; switch[0]  ; Hex2[0]     ; 7.216  ; 7.216  ; 7.216  ; 7.216  ;
; switch[0]  ; Hex2[1]     ; 7.093  ; 7.093  ; 7.093  ; 7.093  ;
; switch[0]  ; Hex2[2]     ; 8.082  ;        ;        ; 8.082  ;
; switch[0]  ; Hex2[3]     ;        ; 7.572  ; 7.572  ;        ;
; switch[0]  ; Hex2[4]     ; 7.480  ; 7.480  ; 7.480  ; 7.480  ;
; switch[0]  ; Hex2[5]     ; 7.528  ; 7.528  ; 7.528  ; 7.528  ;
; switch[0]  ; Hex2[6]     ; 7.601  ; 7.601  ; 7.601  ; 7.601  ;
; switch[0]  ; Hex3[0]     ; 7.291  ;        ;        ; 7.291  ;
; switch[0]  ; Hex3[1]     ; 6.810  ;        ;        ; 6.810  ;
; switch[0]  ; Hex3[2]     ; 7.706  ; 7.706  ; 7.706  ; 7.706  ;
; switch[0]  ; Hex3[3]     ; 7.386  ; 7.386  ; 7.386  ; 7.386  ;
; switch[0]  ; Hex3[4]     ; 7.046  ;        ;        ; 7.046  ;
; switch[0]  ; Hex3[5]     ;        ; 7.757  ; 7.757  ;        ;
; switch[0]  ; Hex3[6]     ; 7.883  ; 7.883  ; 7.883  ; 7.883  ;
; switch[0]  ; Hex4[2]     ; 9.867  ;        ;        ; 9.867  ;
; switch[0]  ; Hex4[5]     ; 9.858  ;        ;        ; 9.858  ;
; switch[0]  ; Hex4[6]     ;        ; 9.844  ; 9.844  ;        ;
; switch[0]  ; Hex6[0]     ; 9.805  ;        ;        ; 9.805  ;
; switch[0]  ; Hex6[3]     ; 10.063 ;        ;        ; 10.063 ;
; switch[0]  ; Hex6[4]     ; 10.063 ;        ;        ; 10.063 ;
; switch[0]  ; Hex6[5]     ; 10.043 ;        ;        ; 10.043 ;
; switch[1]  ; Hex0[0]     ; 7.921  ; 7.921  ; 7.921  ; 7.921  ;
; switch[1]  ; Hex0[2]     ;        ; 8.665  ; 8.665  ;        ;
; switch[1]  ; Hex0[3]     ;        ; 9.310  ; 9.310  ;        ;
; switch[1]  ; Hex0[4]     ; 9.090  ; 9.090  ; 9.090  ; 9.090  ;
; switch[1]  ; Hex0[5]     ;        ; 9.305  ; 9.305  ;        ;
; switch[1]  ; Hex0[6]     ;        ; 8.494  ; 8.494  ;        ;
; switch[1]  ; Hex1[0]     ; 7.045  ; 7.045  ; 7.045  ; 7.045  ;
; switch[1]  ; Hex1[2]     ;        ; 6.775  ; 6.775  ;        ;
; switch[1]  ; Hex1[3]     ; 6.631  ; 6.631  ; 6.631  ; 6.631  ;
; switch[1]  ; Hex1[4]     ;        ; 6.512  ; 6.512  ;        ;
; switch[1]  ; Hex1[5]     ;        ; 6.794  ; 6.794  ;        ;
; switch[1]  ; Hex1[6]     ;        ; 7.010  ; 7.010  ;        ;
; switch[1]  ; Hex2[0]     ; 6.965  ; 6.965  ; 6.965  ; 6.965  ;
; switch[1]  ; Hex2[2]     ;        ; 7.112  ; 7.112  ;        ;
; switch[1]  ; Hex2[3]     ;        ; 7.319  ; 7.319  ;        ;
; switch[1]  ; Hex2[4]     ; 6.546  ; 6.546  ; 6.546  ; 6.546  ;
; switch[1]  ; Hex2[5]     ;        ; 6.609  ; 6.609  ;        ;
; switch[1]  ; Hex2[6]     ; 6.676  ; 6.676  ; 6.676  ; 6.676  ;
; switch[1]  ; Hex3[0]     ; 6.917  ; 6.917  ; 6.917  ; 6.917  ;
; switch[1]  ; Hex3[2]     ;        ; 6.775  ; 6.775  ;        ;
; switch[1]  ; Hex3[3]     ; 7.010  ; 7.010  ; 7.010  ; 7.010  ;
; switch[1]  ; Hex3[4]     ;        ; 6.001  ; 6.001  ;        ;
; switch[1]  ; Hex3[5]     ;        ; 6.820  ; 6.820  ;        ;
; switch[1]  ; Hex3[6]     ;        ; 6.952  ; 6.952  ;        ;
; switch[1]  ; Hex4[2]     ; 9.615  ;        ;        ; 9.615  ;
; switch[1]  ; Hex4[5]     ; 9.606  ;        ;        ; 9.606  ;
; switch[1]  ; Hex4[6]     ;        ; 9.592  ; 9.592  ;        ;
; switch[1]  ; Hex6[0]     ; 9.553  ;        ;        ; 9.553  ;
; switch[1]  ; Hex6[3]     ; 9.811  ;        ;        ; 9.811  ;
; switch[1]  ; Hex6[4]     ; 9.811  ;        ;        ; 9.811  ;
; switch[1]  ; Hex6[5]     ; 9.791  ;        ;        ; 9.791  ;
; switch[2]  ; Hex0[0]     ;        ; 8.277  ; 8.277  ;        ;
; switch[2]  ; Hex0[1]     ; 9.808  ; 9.808  ; 9.808  ; 9.808  ;
; switch[2]  ; Hex0[2]     ;        ; 9.659  ; 9.659  ;        ;
; switch[2]  ; Hex0[3]     ;        ; 8.948  ; 8.948  ;        ;
; switch[2]  ; Hex0[4]     ; 9.423  ; 9.423  ; 9.423  ; 9.423  ;
; switch[2]  ; Hex0[5]     ; 9.632  ; 9.632  ; 9.632  ; 9.632  ;
; switch[2]  ; Hex0[6]     ;        ; 9.154  ; 9.154  ;        ;
; switch[2]  ; Hex1[0]     ; 7.566  ; 7.566  ; 7.566  ; 7.566  ;
; switch[2]  ; Hex1[1]     ;        ; 7.592  ; 7.592  ;        ;
; switch[2]  ; Hex1[2]     ; 7.728  ; 7.728  ; 7.728  ; 7.728  ;
; switch[2]  ; Hex1[3]     ;        ; 7.155  ; 7.155  ;        ;
; switch[2]  ; Hex1[4]     ; 7.171  ;        ;        ; 7.171  ;
; switch[2]  ; Hex1[5]     ; 7.765  ;        ;        ; 7.765  ;
; switch[2]  ; Hex1[6]     ; 7.974  ; 7.974  ; 7.974  ; 7.974  ;
; switch[2]  ; Hex2[0]     ;        ; 6.595  ; 6.595  ;        ;
; switch[2]  ; Hex2[1]     ; 7.237  ; 7.237  ; 7.237  ; 7.237  ;
; switch[2]  ; Hex2[2]     ;        ; 8.106  ; 8.106  ;        ;
; switch[2]  ; Hex2[3]     ;        ; 6.903  ; 6.903  ;        ;
; switch[2]  ; Hex2[4]     ; 7.516  ; 7.516  ; 7.516  ; 7.516  ;
; switch[2]  ; Hex2[5]     ; 7.573  ; 7.573  ; 7.573  ; 7.573  ;
; switch[2]  ; Hex2[6]     ; 7.630  ; 7.630  ; 7.630  ; 7.630  ;
; switch[2]  ; Hex3[0]     ; 7.438  ; 7.438  ; 7.438  ; 7.438  ;
; switch[2]  ; Hex3[1]     ;        ; 6.787  ; 6.787  ;        ;
; switch[2]  ; Hex3[2]     ; 7.728  ; 7.728  ; 7.728  ; 7.728  ;
; switch[2]  ; Hex3[3]     ;        ; 7.534  ; 7.534  ;        ;
; switch[2]  ; Hex3[4]     ; 7.500  ;        ;        ; 7.500  ;
; switch[2]  ; Hex3[5]     ; 7.791  ;        ;        ; 7.791  ;
; switch[2]  ; Hex3[6]     ; 7.916  ; 7.916  ; 7.916  ; 7.916  ;
; switch[2]  ; Hex4[2]     ; 9.217  ;        ;        ; 9.217  ;
; switch[2]  ; Hex4[5]     ; 9.208  ;        ;        ; 9.208  ;
; switch[2]  ; Hex4[6]     ;        ; 9.194  ; 9.194  ;        ;
; switch[2]  ; Hex6[0]     ; 9.155  ;        ;        ; 9.155  ;
; switch[2]  ; Hex6[3]     ; 9.413  ;        ;        ; 9.413  ;
; switch[2]  ; Hex6[4]     ; 9.413  ;        ;        ; 9.413  ;
; switch[2]  ; Hex6[5]     ; 9.393  ;        ;        ; 9.393  ;
; switch[3]  ; Hex0[0]     ;        ; 8.420  ; 8.420  ;        ;
; switch[3]  ; Hex0[1]     ; 9.683  ;        ;        ; 9.683  ;
; switch[3]  ; Hex0[2]     ; 8.647  ;        ;        ; 8.647  ;
; switch[3]  ; Hex0[3]     ;        ; 9.351  ; 9.351  ;        ;
; switch[3]  ; Hex0[4]     ;        ; 9.469  ; 9.469  ;        ;
; switch[3]  ; Hex0[5]     ;        ; 9.436  ; 9.436  ;        ;
; switch[3]  ; Hex0[6]     ;        ; 9.898  ; 9.898  ;        ;
; switch[3]  ; Hex1[0]     ; 7.316  ;        ;        ; 7.316  ;
; switch[3]  ; Hex1[1]     ;        ; 7.970  ; 7.970  ;        ;
; switch[3]  ; Hex1[2]     ;        ; 6.831  ; 6.831  ;        ;
; switch[3]  ; Hex1[3]     ;        ; 6.775  ; 6.775  ;        ;
; switch[3]  ; Hex1[4]     ;        ; 7.552  ; 7.552  ;        ;
; switch[3]  ; Hex1[5]     ; 6.887  ;        ;        ; 6.887  ;
; switch[3]  ; Hex1[6]     ;        ; 6.676  ; 6.676  ;        ;
; switch[3]  ; Hex2[0]     ;        ; 7.672  ; 7.672  ;        ;
; switch[3]  ; Hex2[1]     ; 7.158  ;        ;        ; 7.158  ;
; switch[3]  ; Hex2[2]     ; 6.733  ;        ;        ; 6.733  ;
; switch[3]  ; Hex2[3]     ;        ; 8.021  ; 8.021  ;        ;
; switch[3]  ; Hex2[4]     ;        ; 6.598  ; 6.598  ;        ;
; switch[3]  ; Hex2[5]     ;        ; 7.986  ; 7.986  ;        ;
; switch[3]  ; Hex2[6]     ;        ; 6.615  ; 6.615  ;        ;
; switch[3]  ; Hex3[0]     ; 7.188  ;        ;        ; 7.188  ;
; switch[3]  ; Hex3[1]     ;        ; 7.831  ; 7.831  ;        ;
; switch[3]  ; Hex3[2]     ;        ; 6.822  ; 6.822  ;        ;
; switch[3]  ; Hex3[3]     ;        ; 7.136  ; 7.136  ;        ;
; switch[3]  ; Hex3[4]     ;        ; 7.101  ; 7.101  ;        ;
; switch[3]  ; Hex3[5]     ; 6.913  ;        ;        ; 6.913  ;
; switch[3]  ; Hex3[6]     ;        ; 6.651  ; 6.651  ;        ;
; switch[3]  ; Hex4[2]     ;        ; 9.618  ; 9.618  ;        ;
; switch[3]  ; Hex4[5]     ;        ; 9.609  ; 9.609  ;        ;
; switch[3]  ; Hex4[6]     ; 9.595  ;        ;        ; 9.595  ;
; switch[3]  ; Hex6[0]     ;        ; 9.556  ; 9.556  ;        ;
; switch[3]  ; Hex6[3]     ;        ; 9.814  ; 9.814  ;        ;
; switch[3]  ; Hex6[4]     ;        ; 9.814  ; 9.814  ;        ;
; switch[3]  ; Hex6[5]     ;        ; 9.794  ; 9.794  ;        ;
; switch[4]  ; Hex0[0]     ;        ; 7.733  ; 7.733  ;        ;
; switch[4]  ; Hex0[1]     ; 9.093  ;        ;        ; 9.093  ;
; switch[4]  ; Hex0[2]     ; 8.400  ;        ;        ; 8.400  ;
; switch[4]  ; Hex0[3]     ;        ; 9.046  ; 9.046  ;        ;
; switch[4]  ; Hex0[4]     ;        ; 8.972  ; 8.972  ;        ;
; switch[4]  ; Hex0[5]     ;        ; 9.033  ; 9.033  ;        ;
; switch[4]  ; Hex0[6]     ;        ; 9.019  ; 9.019  ;        ;
; switch[4]  ; Hex1[0]     ; 6.580  ;        ;        ; 6.580  ;
; switch[4]  ; Hex1[1]     ;        ; 6.683  ; 6.683  ;        ;
; switch[4]  ; Hex1[2]     ;        ; 6.567  ; 6.567  ;        ;
; switch[4]  ; Hex1[3]     ;        ; 6.123  ; 6.123  ;        ;
; switch[4]  ; Hex1[4]     ;        ; 6.189  ; 6.189  ;        ;
; switch[4]  ; Hex1[5]     ; 6.617  ;        ;        ; 6.617  ;
; switch[4]  ; Hex1[6]     ;        ; 6.652  ; 6.652  ;        ;
; switch[4]  ; Hex2[0]     ;        ; 6.693  ; 6.693  ;        ;
; switch[4]  ; Hex2[1]     ; 6.565  ;        ;        ; 6.565  ;
; switch[4]  ; Hex2[2]     ; 6.325  ;        ;        ; 6.325  ;
; switch[4]  ; Hex2[3]     ;        ; 6.958  ; 6.958  ;        ;
; switch[4]  ; Hex2[4]     ;        ; 6.318  ; 6.318  ;        ;
; switch[4]  ; Hex2[5]     ;        ; 7.008  ; 7.008  ;        ;
; switch[4]  ; Hex2[6]     ;        ; 6.346  ; 6.346  ;        ;
; switch[4]  ; Hex3[0]     ; 6.452  ;        ;        ; 6.452  ;
; switch[4]  ; Hex3[1]     ;        ; 6.465  ; 6.465  ;        ;
; switch[4]  ; Hex3[2]     ;        ; 6.542  ; 6.542  ;        ;
; switch[4]  ; Hex3[3]     ;        ; 6.506  ; 6.506  ;        ;
; switch[4]  ; Hex3[4]     ;        ; 6.444  ; 6.444  ;        ;
; switch[4]  ; Hex3[5]     ; 6.643  ;        ;        ; 6.643  ;
; switch[4]  ; Hex3[6]     ;        ; 6.592  ; 6.592  ;        ;
; switch[4]  ; Hex4[2]     ;        ; 9.942  ; 9.942  ;        ;
; switch[4]  ; Hex4[5]     ;        ; 9.933  ; 9.933  ;        ;
; switch[4]  ; Hex4[6]     ; 9.919  ;        ;        ; 9.919  ;
; switch[4]  ; Hex6[0]     ;        ; 9.880  ; 9.880  ;        ;
; switch[4]  ; Hex6[3]     ;        ; 10.138 ; 10.138 ;        ;
; switch[4]  ; Hex6[4]     ;        ; 10.138 ; 10.138 ;        ;
; switch[4]  ; Hex6[5]     ;        ; 10.118 ; 10.118 ;        ;
+------------+-------------+--------+--------+--------+--------+


----------------------------
; Fast Model Setup Summary ;
----------------------------
No paths to report.


---------------------------
; Fast Model Hold Summary ;
---------------------------
No paths to report.


-------------------------------
; Fast Model Recovery Summary ;
-------------------------------
No paths to report.


------------------------------
; Fast Model Removal Summary ;
------------------------------
No paths to report.


------------------------------------------
; Fast Model Minimum Pulse Width Summary ;
------------------------------------------
No paths to report.


+----------------------------------------------------------+
; Propagation Delay                                        ;
+------------+-------------+-------+-------+-------+-------+
; Input Port ; Output Port ; RR    ; RF    ; FR    ; FF    ;
+------------+-------------+-------+-------+-------+-------+
; pushBut[0] ; Hex0[0]     ;       ; 6.720 ; 6.720 ;       ;
; pushBut[0] ; Hex0[1]     ;       ; 7.029 ; 7.029 ;       ;
; pushBut[0] ; Hex0[2]     ;       ; 6.594 ; 6.594 ;       ;
; pushBut[0] ; Hex0[3]     ;       ; 7.349 ; 7.349 ;       ;
; pushBut[0] ; Hex0[4]     ;       ; 7.014 ; 7.014 ;       ;
; pushBut[0] ; Hex0[5]     ;       ; 7.045 ; 7.045 ;       ;
; pushBut[0] ; Hex0[6]     ; 7.043 ;       ;       ; 7.043 ;
; pushBut[0] ; Hex1[0]     ;       ; 5.933 ; 5.933 ;       ;
; pushBut[0] ; Hex1[1]     ; 5.926 ;       ;       ; 5.926 ;
; pushBut[0] ; Hex1[2]     ; 5.646 ;       ;       ; 5.646 ;
; pushBut[0] ; Hex1[3]     ; 5.670 ;       ;       ; 5.670 ;
; pushBut[0] ; Hex1[4]     ;       ; 5.716 ; 5.716 ;       ;
; pushBut[0] ; Hex1[5]     ;       ; 5.660 ; 5.660 ;       ;
; pushBut[0] ; Hex1[6]     ;       ; 5.686 ; 5.686 ;       ;
; pushBut[0] ; Hex2[0]     ;       ; 5.922 ; 5.922 ;       ;
; pushBut[0] ; Hex2[1]     ; 5.811 ;       ;       ; 5.811 ;
; pushBut[0] ; Hex2[2]     ; 5.714 ;       ;       ; 5.714 ;
; pushBut[0] ; Hex2[3]     ; 6.084 ;       ;       ; 6.084 ;
; pushBut[0] ; Hex2[4]     ;       ; 5.559 ; 5.559 ;       ;
; pushBut[0] ; Hex2[5]     ;       ; 6.071 ; 6.071 ;       ;
; pushBut[0] ; Hex2[6]     ;       ; 5.544 ; 5.544 ;       ;
; pushBut[0] ; Hex3[0]     ;       ; 5.834 ; 5.834 ;       ;
; pushBut[0] ; Hex3[1]     ;       ; 6.137 ; 6.137 ;       ;
; pushBut[0] ; Hex3[2]     ;       ; 5.655 ; 5.655 ;       ;
; pushBut[0] ; Hex3[3]     ;       ; 5.873 ; 5.873 ;       ;
; pushBut[0] ; Hex3[4]     ;       ; 5.763 ; 5.763 ;       ;
; pushBut[0] ; Hex3[5]     ;       ; 5.667 ; 5.667 ;       ;
; pushBut[0] ; Hex3[6]     ; 5.648 ;       ;       ; 5.648 ;
; pushBut[0] ; Hex4[2]     ;       ; 7.548 ; 7.548 ;       ;
; pushBut[0] ; Hex4[5]     ;       ; 7.540 ; 7.540 ;       ;
; pushBut[0] ; Hex4[6]     ; 7.527 ;       ;       ; 7.527 ;
; pushBut[0] ; Hex6[0]     ;       ; 7.500 ; 7.500 ;       ;
; pushBut[0] ; Hex6[3]     ;       ; 7.671 ; 7.671 ;       ;
; pushBut[0] ; Hex6[4]     ;       ; 7.671 ; 7.671 ;       ;
; pushBut[0] ; Hex6[5]     ;       ; 7.651 ; 7.651 ;       ;
; pushBut[2] ; green[8]    ; 5.516 ;       ;       ; 5.516 ;
; switch[0]  ; Hex0[0]     ; 4.308 ; 4.308 ; 4.308 ; 4.308 ;
; switch[0]  ; Hex0[1]     ; 4.839 ; 4.839 ; 4.839 ; 4.839 ;
; switch[0]  ; Hex0[2]     ; 4.924 ;       ;       ; 4.924 ;
; switch[0]  ; Hex0[3]     ;       ; 4.804 ; 4.804 ;       ;
; switch[0]  ; Hex0[4]     ; 4.701 ; 4.701 ; 4.701 ; 4.701 ;
; switch[0]  ; Hex0[5]     ; 4.794 ; 4.794 ; 4.794 ; 4.794 ;
; switch[0]  ; Hex0[6]     ;       ; 4.413 ; 4.413 ;       ;
; switch[0]  ; Hex1[0]     ; 3.826 ;       ;       ; 3.826 ;
; switch[0]  ; Hex1[1]     ; 3.508 ;       ;       ; 3.508 ;
; switch[0]  ; Hex1[2]     ; 3.903 ; 3.903 ; 3.903 ; 3.903 ;
; switch[0]  ; Hex1[3]     ; 3.553 ; 3.553 ; 3.553 ; 3.553 ;
; switch[0]  ; Hex1[4]     ; 3.387 ;       ;       ; 3.387 ;
; switch[0]  ; Hex1[5]     ;       ; 3.914 ; 3.914 ;       ;
; switch[0]  ; Hex1[6]     ; 4.021 ; 4.021 ; 4.021 ; 4.021 ;
; switch[0]  ; Hex2[0]     ; 3.670 ; 3.670 ; 3.670 ; 3.670 ;
; switch[0]  ; Hex2[1]     ; 3.610 ; 3.610 ; 3.610 ; 3.610 ;
; switch[0]  ; Hex2[2]     ; 4.091 ;       ;       ; 4.091 ;
; switch[0]  ; Hex2[3]     ;       ; 3.833 ; 3.833 ;       ;
; switch[0]  ; Hex2[4]     ; 3.835 ; 3.835 ; 3.835 ; 3.835 ;
; switch[0]  ; Hex2[5]     ; 3.818 ; 3.818 ; 3.818 ; 3.818 ;
; switch[0]  ; Hex2[6]     ; 3.861 ; 3.861 ; 3.861 ; 3.861 ;
; switch[0]  ; Hex3[0]     ; 3.727 ;       ;       ; 3.727 ;
; switch[0]  ; Hex3[1]     ; 3.522 ;       ;       ; 3.522 ;
; switch[0]  ; Hex3[2]     ; 3.934 ; 3.934 ; 3.934 ; 3.934 ;
; switch[0]  ; Hex3[3]     ; 3.762 ; 3.762 ; 3.762 ; 3.762 ;
; switch[0]  ; Hex3[4]     ; 3.648 ;       ;       ; 3.648 ;
; switch[0]  ; Hex3[5]     ;       ; 3.921 ; 3.921 ;       ;
; switch[0]  ; Hex3[6]     ; 3.988 ; 3.988 ; 3.988 ; 3.988 ;
; switch[0]  ; Hex4[2]     ; 5.002 ;       ;       ; 5.002 ;
; switch[0]  ; Hex4[5]     ; 4.994 ;       ;       ; 4.994 ;
; switch[0]  ; Hex4[6]     ;       ; 4.981 ; 4.981 ;       ;
; switch[0]  ; Hex6[0]     ; 4.954 ;       ;       ; 4.954 ;
; switch[0]  ; Hex6[3]     ; 5.125 ;       ;       ; 5.125 ;
; switch[0]  ; Hex6[4]     ; 5.125 ;       ;       ; 5.125 ;
; switch[0]  ; Hex6[5]     ; 5.105 ;       ;       ; 5.105 ;
; switch[1]  ; Hex0[0]     ; 4.118 ; 4.118 ; 4.118 ; 4.118 ;
; switch[1]  ; Hex0[2]     ;       ; 4.461 ; 4.461 ;       ;
; switch[1]  ; Hex0[3]     ;       ; 4.696 ; 4.696 ;       ;
; switch[1]  ; Hex0[4]     ; 4.597 ; 4.597 ; 4.597 ; 4.597 ;
; switch[1]  ; Hex0[5]     ;       ; 4.681 ; 4.681 ;       ;
; switch[1]  ; Hex0[6]     ;       ; 4.309 ; 4.309 ;       ;
; switch[1]  ; Hex1[0]     ; 3.613 ; 3.613 ; 3.613 ; 3.613 ;
; switch[1]  ; Hex1[2]     ;       ; 3.444 ; 3.444 ;       ;
; switch[1]  ; Hex1[3]     ; 3.362 ; 3.362 ; 3.362 ; 3.362 ;
; switch[1]  ; Hex1[4]     ;       ; 3.329 ; 3.329 ;       ;
; switch[1]  ; Hex1[5]     ;       ; 3.450 ; 3.450 ;       ;
; switch[1]  ; Hex1[6]     ;       ; 3.558 ; 3.558 ;       ;
; switch[1]  ; Hex2[0]     ; 3.561 ; 3.561 ; 3.561 ; 3.561 ;
; switch[1]  ; Hex2[2]     ;       ; 3.628 ; 3.628 ;       ;
; switch[1]  ; Hex2[3]     ;       ; 3.725 ; 3.725 ;       ;
; switch[1]  ; Hex2[4]     ; 3.374 ; 3.374 ; 3.374 ; 3.374 ;
; switch[1]  ; Hex2[5]     ;       ; 3.421 ; 3.421 ;       ;
; switch[1]  ; Hex2[6]     ; 3.403 ; 3.403 ; 3.403 ; 3.403 ;
; switch[1]  ; Hex3[0]     ; 3.514 ; 3.514 ; 3.514 ; 3.514 ;
; switch[1]  ; Hex3[2]     ;       ; 3.475 ; 3.475 ;       ;
; switch[1]  ; Hex3[3]     ; 3.571 ; 3.571 ; 3.571 ; 3.571 ;
; switch[1]  ; Hex3[4]     ;       ; 3.106 ; 3.106 ;       ;
; switch[1]  ; Hex3[5]     ;       ; 3.457 ; 3.457 ;       ;
; switch[1]  ; Hex3[6]     ;       ; 3.525 ; 3.525 ;       ;
; switch[1]  ; Hex4[2]     ; 4.920 ;       ;       ; 4.920 ;
; switch[1]  ; Hex4[5]     ; 4.912 ;       ;       ; 4.912 ;
; switch[1]  ; Hex4[6]     ;       ; 4.899 ; 4.899 ;       ;
; switch[1]  ; Hex6[0]     ; 4.872 ;       ;       ; 4.872 ;
; switch[1]  ; Hex6[3]     ; 5.043 ;       ;       ; 5.043 ;
; switch[1]  ; Hex6[4]     ; 5.043 ;       ;       ; 5.043 ;
; switch[1]  ; Hex6[5]     ; 5.023 ;       ;       ; 5.023 ;
; switch[2]  ; Hex0[0]     ;       ; 4.312 ; 4.312 ;       ;
; switch[2]  ; Hex0[1]     ; 4.889 ; 4.889 ; 4.889 ; 4.889 ;
; switch[2]  ; Hex0[2]     ;       ; 4.894 ; 4.894 ;       ;
; switch[2]  ; Hex0[3]     ;       ; 4.533 ; 4.533 ;       ;
; switch[2]  ; Hex0[4]     ; 4.721 ; 4.721 ; 4.721 ; 4.721 ;
; switch[2]  ; Hex0[5]     ; 4.806 ; 4.806 ; 4.806 ; 4.806 ;
; switch[2]  ; Hex0[6]     ;       ; 4.593 ; 4.593 ;       ;
; switch[2]  ; Hex1[0]     ; 3.855 ; 3.855 ; 3.855 ; 3.855 ;
; switch[2]  ; Hex1[1]     ;       ; 3.855 ; 3.855 ;       ;
; switch[2]  ; Hex1[2]     ; 3.880 ; 3.880 ; 3.880 ; 3.880 ;
; switch[2]  ; Hex1[3]     ;       ; 3.606 ; 3.606 ;       ;
; switch[2]  ; Hex1[4]     ; 3.634 ;       ;       ; 3.634 ;
; switch[2]  ; Hex1[5]     ; 3.927 ;       ;       ; 3.927 ;
; switch[2]  ; Hex1[6]     ; 4.008 ; 4.008 ; 4.008 ; 4.008 ;
; switch[2]  ; Hex2[0]     ;       ; 3.395 ; 3.395 ;       ;
; switch[2]  ; Hex2[1]     ; 3.660 ; 3.660 ; 3.660 ; 3.660 ;
; switch[2]  ; Hex2[2]     ;       ; 4.061 ; 4.061 ;       ;
; switch[2]  ; Hex2[3]     ;       ; 3.542 ; 3.542 ;       ;
; switch[2]  ; Hex2[4]     ; 3.821 ; 3.821 ; 3.821 ; 3.821 ;
; switch[2]  ; Hex2[5]     ; 3.827 ; 3.827 ; 3.827 ; 3.827 ;
; switch[2]  ; Hex2[6]     ; 3.844 ; 3.844 ; 3.844 ; 3.844 ;
; switch[2]  ; Hex3[0]     ; 3.756 ; 3.756 ; 3.756 ; 3.756 ;
; switch[2]  ; Hex3[1]     ;       ; 3.492 ; 3.492 ;       ;
; switch[2]  ; Hex3[2]     ; 3.911 ; 3.911 ; 3.911 ; 3.911 ;
; switch[2]  ; Hex3[3]     ;       ; 3.815 ; 3.815 ;       ;
; switch[2]  ; Hex3[4]     ; 3.816 ;       ;       ; 3.816 ;
; switch[2]  ; Hex3[5]     ; 3.934 ;       ;       ; 3.934 ;
; switch[2]  ; Hex3[6]     ; 3.975 ; 3.975 ; 3.975 ; 3.975 ;
; switch[2]  ; Hex4[2]     ; 4.745 ;       ;       ; 4.745 ;
; switch[2]  ; Hex4[5]     ; 4.737 ;       ;       ; 4.737 ;
; switch[2]  ; Hex4[6]     ;       ; 4.724 ; 4.724 ;       ;
; switch[2]  ; Hex6[0]     ; 4.697 ;       ;       ; 4.697 ;
; switch[2]  ; Hex6[3]     ; 4.868 ;       ;       ; 4.868 ;
; switch[2]  ; Hex6[4]     ; 4.868 ;       ;       ; 4.868 ;
; switch[2]  ; Hex6[5]     ; 4.848 ;       ;       ; 4.848 ;
; switch[3]  ; Hex0[0]     ;       ; 4.387 ; 4.387 ;       ;
; switch[3]  ; Hex0[1]     ; 4.872 ;       ;       ; 4.872 ;
; switch[3]  ; Hex0[2]     ; 4.464 ;       ;       ; 4.464 ;
; switch[3]  ; Hex0[3]     ;       ; 4.727 ; 4.727 ;       ;
; switch[3]  ; Hex0[4]     ;       ; 4.785 ; 4.785 ;       ;
; switch[3]  ; Hex0[5]     ;       ; 4.747 ; 4.747 ;       ;
; switch[3]  ; Hex0[6]     ;       ; 4.924 ; 4.924 ;       ;
; switch[3]  ; Hex1[0]     ; 3.777 ;       ;       ; 3.777 ;
; switch[3]  ; Hex1[1]     ;       ; 4.065 ; 4.065 ;       ;
; switch[3]  ; Hex1[2]     ;       ; 3.505 ; 3.505 ;       ;
; switch[3]  ; Hex1[3]     ;       ; 3.487 ; 3.487 ;       ;
; switch[3]  ; Hex1[4]     ;       ; 3.841 ; 3.841 ;       ;
; switch[3]  ; Hex1[5]     ; 3.530 ;       ;       ; 3.530 ;
; switch[3]  ; Hex1[6]     ;       ; 3.455 ; 3.455 ;       ;
; switch[3]  ; Hex2[0]     ;       ; 3.884 ; 3.884 ;       ;
; switch[3]  ; Hex2[1]     ; 3.648 ;       ;       ; 3.648 ;
; switch[3]  ; Hex2[2]     ; 3.463 ;       ;       ; 3.463 ;
; switch[3]  ; Hex2[3]     ;       ; 4.042 ; 4.042 ;       ;
; switch[3]  ; Hex2[4]     ;       ; 3.429 ; 3.429 ;       ;
; switch[3]  ; Hex2[5]     ;       ; 4.031 ; 4.031 ;       ;
; switch[3]  ; Hex2[6]     ;       ; 3.401 ; 3.401 ;       ;
; switch[3]  ; Hex3[0]     ; 3.678 ;       ;       ; 3.678 ;
; switch[3]  ; Hex3[1]     ;       ; 3.981 ; 3.981 ;       ;
; switch[3]  ; Hex3[2]     ;       ; 3.524 ; 3.524 ;       ;
; switch[3]  ; Hex3[3]     ;       ; 3.691 ; 3.691 ;       ;
; switch[3]  ; Hex3[4]     ;       ; 3.626 ; 3.626 ;       ;
; switch[3]  ; Hex3[5]     ; 3.537 ;       ;       ; 3.537 ;
; switch[3]  ; Hex3[6]     ;       ; 3.418 ; 3.418 ;       ;
; switch[3]  ; Hex4[2]     ;       ; 4.914 ; 4.914 ;       ;
; switch[3]  ; Hex4[5]     ;       ; 4.906 ; 4.906 ;       ;
; switch[3]  ; Hex4[6]     ; 4.893 ;       ;       ; 4.893 ;
; switch[3]  ; Hex6[0]     ;       ; 4.866 ; 4.866 ;       ;
; switch[3]  ; Hex6[3]     ;       ; 5.037 ; 5.037 ;       ;
; switch[3]  ; Hex6[4]     ;       ; 5.037 ; 5.037 ;       ;
; switch[3]  ; Hex6[5]     ;       ; 5.017 ; 5.017 ;       ;
; switch[4]  ; Hex0[0]     ;       ; 4.035 ; 4.035 ;       ;
; switch[4]  ; Hex0[1]     ; 4.583 ;       ;       ; 4.583 ;
; switch[4]  ; Hex0[2]     ; 4.329 ;       ;       ; 4.329 ;
; switch[4]  ; Hex0[3]     ;       ; 4.576 ; 4.576 ;       ;
; switch[4]  ; Hex0[4]     ;       ; 4.527 ; 4.527 ;       ;
; switch[4]  ; Hex0[5]     ;       ; 4.561 ; 4.561 ;       ;
; switch[4]  ; Hex0[6]     ;       ; 4.506 ; 4.506 ;       ;
; switch[4]  ; Hex1[0]     ; 3.415 ;       ;       ; 3.415 ;
; switch[4]  ; Hex1[1]     ;       ; 3.474 ; 3.474 ;       ;
; switch[4]  ; Hex1[2]     ;       ; 3.384 ; 3.384 ;       ;
; switch[4]  ; Hex1[3]     ;       ; 3.149 ; 3.149 ;       ;
; switch[4]  ; Hex1[4]     ;       ; 3.199 ; 3.199 ;       ;
; switch[4]  ; Hex1[5]     ; 3.400 ;       ;       ; 3.400 ;
; switch[4]  ; Hex1[6]     ;       ; 3.426 ; 3.426 ;       ;
; switch[4]  ; Hex2[0]     ;       ; 3.437 ; 3.437 ;       ;
; switch[4]  ; Hex2[1]     ; 3.359 ;       ;       ; 3.359 ;
; switch[4]  ; Hex2[2]     ; 3.266 ;       ;       ; 3.266 ;
; switch[4]  ; Hex2[3]     ;       ; 3.558 ; 3.558 ;       ;
; switch[4]  ; Hex2[4]     ;       ; 3.297 ; 3.297 ;       ;
; switch[4]  ; Hex2[5]     ;       ; 3.588 ; 3.588 ;       ;
; switch[4]  ; Hex2[6]     ;       ; 3.282 ; 3.282 ;       ;
; switch[4]  ; Hex3[0]     ; 3.316 ;       ;       ; 3.316 ;
; switch[4]  ; Hex3[1]     ;       ; 3.333 ; 3.333 ;       ;
; switch[4]  ; Hex3[2]     ;       ; 3.393 ; 3.393 ;       ;
; switch[4]  ; Hex3[3]     ;       ; 3.356 ; 3.356 ;       ;
; switch[4]  ; Hex3[4]     ;       ; 3.344 ; 3.344 ;       ;
; switch[4]  ; Hex3[5]     ; 3.407 ;       ;       ; 3.407 ;
; switch[4]  ; Hex3[6]     ;       ; 3.390 ; 3.390 ;       ;
; switch[4]  ; Hex4[2]     ;       ; 5.027 ; 5.027 ;       ;
; switch[4]  ; Hex4[5]     ;       ; 5.019 ; 5.019 ;       ;
; switch[4]  ; Hex4[6]     ; 5.006 ;       ;       ; 5.006 ;
; switch[4]  ; Hex6[0]     ;       ; 4.979 ; 4.979 ;       ;
; switch[4]  ; Hex6[3]     ;       ; 5.150 ; 5.150 ;       ;
; switch[4]  ; Hex6[4]     ;       ; 5.150 ; 5.150 ;       ;
; switch[4]  ; Hex6[5]     ;       ; 5.130 ; 5.130 ;       ;
+------------+-------------+-------+-------+-------+-------+


+----------------------------------------------------------+
; Minimum Propagation Delay                                ;
+------------+-------------+-------+-------+-------+-------+
; Input Port ; Output Port ; RR    ; RF    ; FR    ; FF    ;
+------------+-------------+-------+-------+-------+-------+
; pushBut[0] ; Hex0[0]     ;       ; 6.720 ; 6.720 ;       ;
; pushBut[0] ; Hex0[1]     ;       ; 7.029 ; 7.029 ;       ;
; pushBut[0] ; Hex0[2]     ;       ; 6.594 ; 6.594 ;       ;
; pushBut[0] ; Hex0[3]     ;       ; 7.349 ; 7.349 ;       ;
; pushBut[0] ; Hex0[4]     ;       ; 7.014 ; 7.014 ;       ;
; pushBut[0] ; Hex0[5]     ;       ; 7.045 ; 7.045 ;       ;
; pushBut[0] ; Hex0[6]     ; 7.043 ;       ;       ; 7.043 ;
; pushBut[0] ; Hex1[0]     ;       ; 5.933 ; 5.933 ;       ;
; pushBut[0] ; Hex1[1]     ; 5.926 ;       ;       ; 5.926 ;
; pushBut[0] ; Hex1[2]     ; 5.646 ;       ;       ; 5.646 ;
; pushBut[0] ; Hex1[3]     ; 5.670 ;       ;       ; 5.670 ;
; pushBut[0] ; Hex1[4]     ;       ; 5.716 ; 5.716 ;       ;
; pushBut[0] ; Hex1[5]     ;       ; 5.660 ; 5.660 ;       ;
; pushBut[0] ; Hex1[6]     ;       ; 5.686 ; 5.686 ;       ;
; pushBut[0] ; Hex2[0]     ;       ; 5.922 ; 5.922 ;       ;
; pushBut[0] ; Hex2[1]     ; 5.811 ;       ;       ; 5.811 ;
; pushBut[0] ; Hex2[2]     ; 5.714 ;       ;       ; 5.714 ;
; pushBut[0] ; Hex2[3]     ; 6.084 ;       ;       ; 6.084 ;
; pushBut[0] ; Hex2[4]     ;       ; 5.559 ; 5.559 ;       ;
; pushBut[0] ; Hex2[5]     ;       ; 6.071 ; 6.071 ;       ;
; pushBut[0] ; Hex2[6]     ;       ; 5.544 ; 5.544 ;       ;
; pushBut[0] ; Hex3[0]     ;       ; 5.834 ; 5.834 ;       ;
; pushBut[0] ; Hex3[1]     ;       ; 6.137 ; 6.137 ;       ;
; pushBut[0] ; Hex3[2]     ;       ; 5.655 ; 5.655 ;       ;
; pushBut[0] ; Hex3[3]     ;       ; 5.873 ; 5.873 ;       ;
; pushBut[0] ; Hex3[4]     ;       ; 5.763 ; 5.763 ;       ;
; pushBut[0] ; Hex3[5]     ;       ; 5.667 ; 5.667 ;       ;
; pushBut[0] ; Hex3[6]     ; 5.648 ;       ;       ; 5.648 ;
; pushBut[0] ; Hex4[2]     ;       ; 7.548 ; 7.548 ;       ;
; pushBut[0] ; Hex4[5]     ;       ; 7.540 ; 7.540 ;       ;
; pushBut[0] ; Hex4[6]     ; 7.527 ;       ;       ; 7.527 ;
; pushBut[0] ; Hex6[0]     ;       ; 7.500 ; 7.500 ;       ;
; pushBut[0] ; Hex6[3]     ;       ; 7.671 ; 7.671 ;       ;
; pushBut[0] ; Hex6[4]     ;       ; 7.671 ; 7.671 ;       ;
; pushBut[0] ; Hex6[5]     ;       ; 7.651 ; 7.651 ;       ;
; pushBut[2] ; green[8]    ; 5.516 ;       ;       ; 5.516 ;
; switch[0]  ; Hex0[0]     ; 4.308 ; 4.308 ; 4.308 ; 4.308 ;
; switch[0]  ; Hex0[1]     ; 4.839 ; 4.839 ; 4.839 ; 4.839 ;
; switch[0]  ; Hex0[2]     ; 4.924 ;       ;       ; 4.924 ;
; switch[0]  ; Hex0[3]     ;       ; 4.804 ; 4.804 ;       ;
; switch[0]  ; Hex0[4]     ; 4.701 ; 4.701 ; 4.701 ; 4.701 ;
; switch[0]  ; Hex0[5]     ; 4.794 ; 4.794 ; 4.794 ; 4.794 ;
; switch[0]  ; Hex0[6]     ;       ; 4.413 ; 4.413 ;       ;
; switch[0]  ; Hex1[0]     ; 3.826 ;       ;       ; 3.826 ;
; switch[0]  ; Hex1[1]     ; 3.508 ;       ;       ; 3.508 ;
; switch[0]  ; Hex1[2]     ; 3.903 ; 3.903 ; 3.903 ; 3.903 ;
; switch[0]  ; Hex1[3]     ; 3.553 ; 3.553 ; 3.553 ; 3.553 ;
; switch[0]  ; Hex1[4]     ; 3.387 ;       ;       ; 3.387 ;
; switch[0]  ; Hex1[5]     ;       ; 3.914 ; 3.914 ;       ;
; switch[0]  ; Hex1[6]     ; 4.021 ; 4.021 ; 4.021 ; 4.021 ;
; switch[0]  ; Hex2[0]     ; 3.670 ; 3.670 ; 3.670 ; 3.670 ;
; switch[0]  ; Hex2[1]     ; 3.610 ; 3.610 ; 3.610 ; 3.610 ;
; switch[0]  ; Hex2[2]     ; 4.091 ;       ;       ; 4.091 ;
; switch[0]  ; Hex2[3]     ;       ; 3.833 ; 3.833 ;       ;
; switch[0]  ; Hex2[4]     ; 3.835 ; 3.835 ; 3.835 ; 3.835 ;
; switch[0]  ; Hex2[5]     ; 3.818 ; 3.818 ; 3.818 ; 3.818 ;
; switch[0]  ; Hex2[6]     ; 3.861 ; 3.861 ; 3.861 ; 3.861 ;
; switch[0]  ; Hex3[0]     ; 3.727 ;       ;       ; 3.727 ;
; switch[0]  ; Hex3[1]     ; 3.522 ;       ;       ; 3.522 ;
; switch[0]  ; Hex3[2]     ; 3.934 ; 3.934 ; 3.934 ; 3.934 ;
; switch[0]  ; Hex3[3]     ; 3.762 ; 3.762 ; 3.762 ; 3.762 ;
; switch[0]  ; Hex3[4]     ; 3.648 ;       ;       ; 3.648 ;
; switch[0]  ; Hex3[5]     ;       ; 3.921 ; 3.921 ;       ;
; switch[0]  ; Hex3[6]     ; 3.988 ; 3.988 ; 3.988 ; 3.988 ;
; switch[0]  ; Hex4[2]     ; 5.002 ;       ;       ; 5.002 ;
; switch[0]  ; Hex4[5]     ; 4.994 ;       ;       ; 4.994 ;
; switch[0]  ; Hex4[6]     ;       ; 4.981 ; 4.981 ;       ;
; switch[0]  ; Hex6[0]     ; 4.954 ;       ;       ; 4.954 ;
; switch[0]  ; Hex6[3]     ; 5.125 ;       ;       ; 5.125 ;
; switch[0]  ; Hex6[4]     ; 5.125 ;       ;       ; 5.125 ;
; switch[0]  ; Hex6[5]     ; 5.105 ;       ;       ; 5.105 ;
; switch[1]  ; Hex0[0]     ; 4.118 ; 4.118 ; 4.118 ; 4.118 ;
; switch[1]  ; Hex0[2]     ;       ; 4.461 ; 4.461 ;       ;
; switch[1]  ; Hex0[3]     ;       ; 4.696 ; 4.696 ;       ;
; switch[1]  ; Hex0[4]     ; 4.597 ; 4.597 ; 4.597 ; 4.597 ;
; switch[1]  ; Hex0[5]     ;       ; 4.681 ; 4.681 ;       ;
; switch[1]  ; Hex0[6]     ;       ; 4.309 ; 4.309 ;       ;
; switch[1]  ; Hex1[0]     ; 3.613 ; 3.613 ; 3.613 ; 3.613 ;
; switch[1]  ; Hex1[2]     ;       ; 3.444 ; 3.444 ;       ;
; switch[1]  ; Hex1[3]     ; 3.362 ; 3.362 ; 3.362 ; 3.362 ;
; switch[1]  ; Hex1[4]     ;       ; 3.329 ; 3.329 ;       ;
; switch[1]  ; Hex1[5]     ;       ; 3.450 ; 3.450 ;       ;
; switch[1]  ; Hex1[6]     ;       ; 3.558 ; 3.558 ;       ;
; switch[1]  ; Hex2[0]     ; 3.561 ; 3.561 ; 3.561 ; 3.561 ;
; switch[1]  ; Hex2[2]     ;       ; 3.628 ; 3.628 ;       ;
; switch[1]  ; Hex2[3]     ;       ; 3.725 ; 3.725 ;       ;
; switch[1]  ; Hex2[4]     ; 3.374 ; 3.374 ; 3.374 ; 3.374 ;
; switch[1]  ; Hex2[5]     ;       ; 3.421 ; 3.421 ;       ;
; switch[1]  ; Hex2[6]     ; 3.403 ; 3.403 ; 3.403 ; 3.403 ;
; switch[1]  ; Hex3[0]     ; 3.514 ; 3.514 ; 3.514 ; 3.514 ;
; switch[1]  ; Hex3[2]     ;       ; 3.475 ; 3.475 ;       ;
; switch[1]  ; Hex3[3]     ; 3.571 ; 3.571 ; 3.571 ; 3.571 ;
; switch[1]  ; Hex3[4]     ;       ; 3.106 ; 3.106 ;       ;
; switch[1]  ; Hex3[5]     ;       ; 3.457 ; 3.457 ;       ;
; switch[1]  ; Hex3[6]     ;       ; 3.525 ; 3.525 ;       ;
; switch[1]  ; Hex4[2]     ; 4.920 ;       ;       ; 4.920 ;
; switch[1]  ; Hex4[5]     ; 4.912 ;       ;       ; 4.912 ;
; switch[1]  ; Hex4[6]     ;       ; 4.899 ; 4.899 ;       ;
; switch[1]  ; Hex6[0]     ; 4.872 ;       ;       ; 4.872 ;
; switch[1]  ; Hex6[3]     ; 5.043 ;       ;       ; 5.043 ;
; switch[1]  ; Hex6[4]     ; 5.043 ;       ;       ; 5.043 ;
; switch[1]  ; Hex6[5]     ; 5.023 ;       ;       ; 5.023 ;
; switch[2]  ; Hex0[0]     ;       ; 4.312 ; 4.312 ;       ;
; switch[2]  ; Hex0[1]     ; 4.889 ; 4.889 ; 4.889 ; 4.889 ;
; switch[2]  ; Hex0[2]     ;       ; 4.894 ; 4.894 ;       ;
; switch[2]  ; Hex0[3]     ;       ; 4.533 ; 4.533 ;       ;
; switch[2]  ; Hex0[4]     ; 4.721 ; 4.721 ; 4.721 ; 4.721 ;
; switch[2]  ; Hex0[5]     ; 4.806 ; 4.806 ; 4.806 ; 4.806 ;
; switch[2]  ; Hex0[6]     ;       ; 4.593 ; 4.593 ;       ;
; switch[2]  ; Hex1[0]     ; 3.855 ; 3.855 ; 3.855 ; 3.855 ;
; switch[2]  ; Hex1[1]     ;       ; 3.855 ; 3.855 ;       ;
; switch[2]  ; Hex1[2]     ; 3.880 ; 3.880 ; 3.880 ; 3.880 ;
; switch[2]  ; Hex1[3]     ;       ; 3.606 ; 3.606 ;       ;
; switch[2]  ; Hex1[4]     ; 3.634 ;       ;       ; 3.634 ;
; switch[2]  ; Hex1[5]     ; 3.927 ;       ;       ; 3.927 ;
; switch[2]  ; Hex1[6]     ; 4.008 ; 4.008 ; 4.008 ; 4.008 ;
; switch[2]  ; Hex2[0]     ;       ; 3.395 ; 3.395 ;       ;
; switch[2]  ; Hex2[1]     ; 3.660 ; 3.660 ; 3.660 ; 3.660 ;
; switch[2]  ; Hex2[2]     ;       ; 4.061 ; 4.061 ;       ;
; switch[2]  ; Hex2[3]     ;       ; 3.542 ; 3.542 ;       ;
; switch[2]  ; Hex2[4]     ; 3.821 ; 3.821 ; 3.821 ; 3.821 ;
; switch[2]  ; Hex2[5]     ; 3.827 ; 3.827 ; 3.827 ; 3.827 ;
; switch[2]  ; Hex2[6]     ; 3.844 ; 3.844 ; 3.844 ; 3.844 ;
; switch[2]  ; Hex3[0]     ; 3.756 ; 3.756 ; 3.756 ; 3.756 ;
; switch[2]  ; Hex3[1]     ;       ; 3.492 ; 3.492 ;       ;
; switch[2]  ; Hex3[2]     ; 3.911 ; 3.911 ; 3.911 ; 3.911 ;
; switch[2]  ; Hex3[3]     ;       ; 3.815 ; 3.815 ;       ;
; switch[2]  ; Hex3[4]     ; 3.816 ;       ;       ; 3.816 ;
; switch[2]  ; Hex3[5]     ; 3.934 ;       ;       ; 3.934 ;
; switch[2]  ; Hex3[6]     ; 3.975 ; 3.975 ; 3.975 ; 3.975 ;
; switch[2]  ; Hex4[2]     ; 4.745 ;       ;       ; 4.745 ;
; switch[2]  ; Hex4[5]     ; 4.737 ;       ;       ; 4.737 ;
; switch[2]  ; Hex4[6]     ;       ; 4.724 ; 4.724 ;       ;
; switch[2]  ; Hex6[0]     ; 4.697 ;       ;       ; 4.697 ;
; switch[2]  ; Hex6[3]     ; 4.868 ;       ;       ; 4.868 ;
; switch[2]  ; Hex6[4]     ; 4.868 ;       ;       ; 4.868 ;
; switch[2]  ; Hex6[5]     ; 4.848 ;       ;       ; 4.848 ;
; switch[3]  ; Hex0[0]     ;       ; 4.387 ; 4.387 ;       ;
; switch[3]  ; Hex0[1]     ; 4.872 ;       ;       ; 4.872 ;
; switch[3]  ; Hex0[2]     ; 4.464 ;       ;       ; 4.464 ;
; switch[3]  ; Hex0[3]     ;       ; 4.727 ; 4.727 ;       ;
; switch[3]  ; Hex0[4]     ;       ; 4.785 ; 4.785 ;       ;
; switch[3]  ; Hex0[5]     ;       ; 4.747 ; 4.747 ;       ;
; switch[3]  ; Hex0[6]     ;       ; 4.924 ; 4.924 ;       ;
; switch[3]  ; Hex1[0]     ; 3.777 ;       ;       ; 3.777 ;
; switch[3]  ; Hex1[1]     ;       ; 4.065 ; 4.065 ;       ;
; switch[3]  ; Hex1[2]     ;       ; 3.505 ; 3.505 ;       ;
; switch[3]  ; Hex1[3]     ;       ; 3.487 ; 3.487 ;       ;
; switch[3]  ; Hex1[4]     ;       ; 3.841 ; 3.841 ;       ;
; switch[3]  ; Hex1[5]     ; 3.530 ;       ;       ; 3.530 ;
; switch[3]  ; Hex1[6]     ;       ; 3.455 ; 3.455 ;       ;
; switch[3]  ; Hex2[0]     ;       ; 3.884 ; 3.884 ;       ;
; switch[3]  ; Hex2[1]     ; 3.648 ;       ;       ; 3.648 ;
; switch[3]  ; Hex2[2]     ; 3.463 ;       ;       ; 3.463 ;
; switch[3]  ; Hex2[3]     ;       ; 4.042 ; 4.042 ;       ;
; switch[3]  ; Hex2[4]     ;       ; 3.429 ; 3.429 ;       ;
; switch[3]  ; Hex2[5]     ;       ; 4.031 ; 4.031 ;       ;
; switch[3]  ; Hex2[6]     ;       ; 3.401 ; 3.401 ;       ;
; switch[3]  ; Hex3[0]     ; 3.678 ;       ;       ; 3.678 ;
; switch[3]  ; Hex3[1]     ;       ; 3.981 ; 3.981 ;       ;
; switch[3]  ; Hex3[2]     ;       ; 3.524 ; 3.524 ;       ;
; switch[3]  ; Hex3[3]     ;       ; 3.691 ; 3.691 ;       ;
; switch[3]  ; Hex3[4]     ;       ; 3.626 ; 3.626 ;       ;
; switch[3]  ; Hex3[5]     ; 3.537 ;       ;       ; 3.537 ;
; switch[3]  ; Hex3[6]     ;       ; 3.418 ; 3.418 ;       ;
; switch[3]  ; Hex4[2]     ;       ; 4.914 ; 4.914 ;       ;
; switch[3]  ; Hex4[5]     ;       ; 4.906 ; 4.906 ;       ;
; switch[3]  ; Hex4[6]     ; 4.893 ;       ;       ; 4.893 ;
; switch[3]  ; Hex6[0]     ;       ; 4.866 ; 4.866 ;       ;
; switch[3]  ; Hex6[3]     ;       ; 5.037 ; 5.037 ;       ;
; switch[3]  ; Hex6[4]     ;       ; 5.037 ; 5.037 ;       ;
; switch[3]  ; Hex6[5]     ;       ; 5.017 ; 5.017 ;       ;
; switch[4]  ; Hex0[0]     ;       ; 4.035 ; 4.035 ;       ;
; switch[4]  ; Hex0[1]     ; 4.583 ;       ;       ; 4.583 ;
; switch[4]  ; Hex0[2]     ; 4.329 ;       ;       ; 4.329 ;
; switch[4]  ; Hex0[3]     ;       ; 4.576 ; 4.576 ;       ;
; switch[4]  ; Hex0[4]     ;       ; 4.527 ; 4.527 ;       ;
; switch[4]  ; Hex0[5]     ;       ; 4.561 ; 4.561 ;       ;
; switch[4]  ; Hex0[6]     ;       ; 4.506 ; 4.506 ;       ;
; switch[4]  ; Hex1[0]     ; 3.415 ;       ;       ; 3.415 ;
; switch[4]  ; Hex1[1]     ;       ; 3.474 ; 3.474 ;       ;
; switch[4]  ; Hex1[2]     ;       ; 3.384 ; 3.384 ;       ;
; switch[4]  ; Hex1[3]     ;       ; 3.149 ; 3.149 ;       ;
; switch[4]  ; Hex1[4]     ;       ; 3.199 ; 3.199 ;       ;
; switch[4]  ; Hex1[5]     ; 3.400 ;       ;       ; 3.400 ;
; switch[4]  ; Hex1[6]     ;       ; 3.426 ; 3.426 ;       ;
; switch[4]  ; Hex2[0]     ;       ; 3.437 ; 3.437 ;       ;
; switch[4]  ; Hex2[1]     ; 3.359 ;       ;       ; 3.359 ;
; switch[4]  ; Hex2[2]     ; 3.266 ;       ;       ; 3.266 ;
; switch[4]  ; Hex2[3]     ;       ; 3.558 ; 3.558 ;       ;
; switch[4]  ; Hex2[4]     ;       ; 3.297 ; 3.297 ;       ;
; switch[4]  ; Hex2[5]     ;       ; 3.588 ; 3.588 ;       ;
; switch[4]  ; Hex2[6]     ;       ; 3.282 ; 3.282 ;       ;
; switch[4]  ; Hex3[0]     ; 3.316 ;       ;       ; 3.316 ;
; switch[4]  ; Hex3[1]     ;       ; 3.333 ; 3.333 ;       ;
; switch[4]  ; Hex3[2]     ;       ; 3.393 ; 3.393 ;       ;
; switch[4]  ; Hex3[3]     ;       ; 3.356 ; 3.356 ;       ;
; switch[4]  ; Hex3[4]     ;       ; 3.344 ; 3.344 ;       ;
; switch[4]  ; Hex3[5]     ; 3.407 ;       ;       ; 3.407 ;
; switch[4]  ; Hex3[6]     ;       ; 3.390 ; 3.390 ;       ;
; switch[4]  ; Hex4[2]     ;       ; 5.027 ; 5.027 ;       ;
; switch[4]  ; Hex4[5]     ;       ; 5.019 ; 5.019 ;       ;
; switch[4]  ; Hex4[6]     ; 5.006 ;       ;       ; 5.006 ;
; switch[4]  ; Hex6[0]     ;       ; 4.979 ; 4.979 ;       ;
; switch[4]  ; Hex6[3]     ;       ; 5.150 ; 5.150 ;       ;
; switch[4]  ; Hex6[4]     ;       ; 5.150 ; 5.150 ;       ;
; switch[4]  ; Hex6[5]     ;       ; 5.130 ; 5.130 ;       ;
+------------+-------------+-------+-------+-------+-------+


+----------------------------------------------------------------------------+
; Multicorner Timing Analysis Summary                                        ;
+------------------+-------+------+----------+---------+---------------------+
; Clock            ; Setup ; Hold ; Recovery ; Removal ; Minimum Pulse Width ;
+------------------+-------+------+----------+---------+---------------------+
; Worst-case Slack ; N/A   ; N/A  ; N/A      ; N/A     ; N/A                 ;
; Design-wide TNS  ; 0.0   ; 0.0  ; 0.0      ; 0.0     ; 0.0                 ;
+------------------+-------+------+----------+---------+---------------------+


+--------------------------------------------------------------+
; Progagation Delay                                            ;
+------------+-------------+--------+--------+--------+--------+
; Input Port ; Output Port ; RR     ; RF     ; FR     ; FF     ;
+------------+-------------+--------+--------+--------+--------+
; pushBut[0] ; Hex0[0]     ;        ; 12.076 ; 12.076 ;        ;
; pushBut[0] ; Hex0[1]     ;        ; 12.902 ; 12.902 ;        ;
; pushBut[0] ; Hex0[2]     ;        ; 11.827 ; 11.827 ;        ;
; pushBut[0] ; Hex0[3]     ;        ; 13.607 ; 13.607 ;        ;
; pushBut[0] ; Hex0[4]     ;        ; 12.869 ; 12.869 ;        ;
; pushBut[0] ; Hex0[5]     ;        ; 12.927 ; 12.927 ;        ;
; pushBut[0] ; Hex0[6]     ; 12.961 ;        ;        ; 12.961 ;
; pushBut[0] ; Hex1[0]     ;        ; 10.530 ; 10.530 ;        ;
; pushBut[0] ; Hex1[1]     ; 10.518 ;        ;        ; 10.518 ;
; pushBut[0] ; Hex1[2]     ; 10.039 ;        ;        ; 10.039 ;
; pushBut[0] ; Hex1[3]     ; 10.073 ;        ;        ; 10.073 ;
; pushBut[0] ; Hex1[4]     ;        ; 10.136 ; 10.136 ;        ;
; pushBut[0] ; Hex1[5]     ;        ; 10.068 ; 10.068 ;        ;
; pushBut[0] ; Hex1[6]     ;        ; 10.096 ; 10.096 ;        ;
; pushBut[0] ; Hex2[0]     ;        ; 10.588 ; 10.588 ;        ;
; pushBut[0] ; Hex2[1]     ; 10.371 ;        ;        ; 10.371 ;
; pushBut[0] ; Hex2[2]     ; 10.182 ;        ;        ; 10.182 ;
; pushBut[0] ; Hex2[3]     ; 10.912 ;        ;        ; 10.912 ;
; pushBut[0] ; Hex2[4]     ;        ; 9.819  ; 9.819  ;        ;
; pushBut[0] ; Hex2[5]     ;        ; 10.902 ; 10.902 ;        ;
; pushBut[0] ; Hex2[6]     ;        ; 9.799  ; 9.799  ;        ;
; pushBut[0] ; Hex3[0]     ;        ; 10.402 ; 10.402 ;        ;
; pushBut[0] ; Hex3[1]     ;        ; 11.084 ; 11.084 ;        ;
; pushBut[0] ; Hex3[2]     ;        ; 10.042 ; 10.042 ;        ;
; pushBut[0] ; Hex3[3]     ;        ; 10.454 ; 10.454 ;        ;
; pushBut[0] ; Hex3[4]     ;        ; 10.327 ; 10.327 ;        ;
; pushBut[0] ; Hex3[5]     ;        ; 10.094 ; 10.094 ;        ;
; pushBut[0] ; Hex3[6]     ; 10.040 ;        ;        ; 10.040 ;
; pushBut[0] ; Hex4[2]     ;        ; 13.912 ; 13.912 ;        ;
; pushBut[0] ; Hex4[5]     ;        ; 13.903 ; 13.903 ;        ;
; pushBut[0] ; Hex4[6]     ; 13.889 ;        ;        ; 13.889 ;
; pushBut[0] ; Hex6[0]     ;        ; 13.850 ; 13.850 ;        ;
; pushBut[0] ; Hex6[3]     ;        ; 14.108 ; 14.108 ;        ;
; pushBut[0] ; Hex6[4]     ;        ; 14.108 ; 14.108 ;        ;
; pushBut[0] ; Hex6[5]     ;        ; 14.088 ; 14.088 ;        ;
; pushBut[2] ; green[8]    ; 9.623  ;        ;        ; 9.623  ;
; switch[0]  ; Hex0[0]     ; 8.302  ; 8.302  ; 8.302  ; 8.302  ;
; switch[0]  ; Hex0[1]     ; 9.664  ; 9.664  ; 9.664  ; 9.664  ;
; switch[0]  ; Hex0[2]     ; 9.635  ;        ;        ; 9.635  ;
; switch[0]  ; Hex0[3]     ;        ; 9.563  ; 9.563  ;        ;
; switch[0]  ; Hex0[4]     ; 9.323  ; 9.323  ; 9.323  ; 9.323  ;
; switch[0]  ; Hex0[5]     ; 9.530  ; 9.530  ; 9.530  ; 9.530  ;
; switch[0]  ; Hex0[6]     ;        ; 8.748  ; 8.748  ;        ;
; switch[0]  ; Hex1[0]     ; 7.419  ;        ;        ; 7.419  ;
; switch[0]  ; Hex1[1]     ; 6.737  ;        ;        ; 6.737  ;
; switch[0]  ; Hex1[2]     ; 7.706  ; 7.706  ; 7.706  ; 7.706  ;
; switch[0]  ; Hex1[3]     ; 7.007  ; 7.007  ; 7.007  ; 7.007  ;
; switch[0]  ; Hex1[4]     ; 6.533  ;        ;        ; 6.533  ;
; switch[0]  ; Hex1[5]     ;        ; 7.731  ; 7.731  ;        ;
; switch[0]  ; Hex1[6]     ; 7.941  ; 7.941  ; 7.941  ; 7.941  ;
; switch[0]  ; Hex2[0]     ; 7.216  ; 7.216  ; 7.216  ; 7.216  ;
; switch[0]  ; Hex2[1]     ; 7.093  ; 7.093  ; 7.093  ; 7.093  ;
; switch[0]  ; Hex2[2]     ; 8.082  ;        ;        ; 8.082  ;
; switch[0]  ; Hex2[3]     ;        ; 7.572  ; 7.572  ;        ;
; switch[0]  ; Hex2[4]     ; 7.480  ; 7.480  ; 7.480  ; 7.480  ;
; switch[0]  ; Hex2[5]     ; 7.528  ; 7.528  ; 7.528  ; 7.528  ;
; switch[0]  ; Hex2[6]     ; 7.601  ; 7.601  ; 7.601  ; 7.601  ;
; switch[0]  ; Hex3[0]     ; 7.291  ;        ;        ; 7.291  ;
; switch[0]  ; Hex3[1]     ; 6.810  ;        ;        ; 6.810  ;
; switch[0]  ; Hex3[2]     ; 7.706  ; 7.706  ; 7.706  ; 7.706  ;
; switch[0]  ; Hex3[3]     ; 7.386  ; 7.386  ; 7.386  ; 7.386  ;
; switch[0]  ; Hex3[4]     ; 7.046  ;        ;        ; 7.046  ;
; switch[0]  ; Hex3[5]     ;        ; 7.757  ; 7.757  ;        ;
; switch[0]  ; Hex3[6]     ; 7.883  ; 7.883  ; 7.883  ; 7.883  ;
; switch[0]  ; Hex4[2]     ; 9.867  ;        ;        ; 9.867  ;
; switch[0]  ; Hex4[5]     ; 9.858  ;        ;        ; 9.858  ;
; switch[0]  ; Hex4[6]     ;        ; 9.844  ; 9.844  ;        ;
; switch[0]  ; Hex6[0]     ; 9.805  ;        ;        ; 9.805  ;
; switch[0]  ; Hex6[3]     ; 10.063 ;        ;        ; 10.063 ;
; switch[0]  ; Hex6[4]     ; 10.063 ;        ;        ; 10.063 ;
; switch[0]  ; Hex6[5]     ; 10.043 ;        ;        ; 10.043 ;
; switch[1]  ; Hex0[0]     ; 7.921  ; 7.921  ; 7.921  ; 7.921  ;
; switch[1]  ; Hex0[2]     ;        ; 8.665  ; 8.665  ;        ;
; switch[1]  ; Hex0[3]     ;        ; 9.310  ; 9.310  ;        ;
; switch[1]  ; Hex0[4]     ; 9.090  ; 9.090  ; 9.090  ; 9.090  ;
; switch[1]  ; Hex0[5]     ;        ; 9.305  ; 9.305  ;        ;
; switch[1]  ; Hex0[6]     ;        ; 8.494  ; 8.494  ;        ;
; switch[1]  ; Hex1[0]     ; 7.045  ; 7.045  ; 7.045  ; 7.045  ;
; switch[1]  ; Hex1[2]     ;        ; 6.775  ; 6.775  ;        ;
; switch[1]  ; Hex1[3]     ; 6.631  ; 6.631  ; 6.631  ; 6.631  ;
; switch[1]  ; Hex1[4]     ;        ; 6.512  ; 6.512  ;        ;
; switch[1]  ; Hex1[5]     ;        ; 6.794  ; 6.794  ;        ;
; switch[1]  ; Hex1[6]     ;        ; 7.010  ; 7.010  ;        ;
; switch[1]  ; Hex2[0]     ; 6.965  ; 6.965  ; 6.965  ; 6.965  ;
; switch[1]  ; Hex2[2]     ;        ; 7.112  ; 7.112  ;        ;
; switch[1]  ; Hex2[3]     ;        ; 7.319  ; 7.319  ;        ;
; switch[1]  ; Hex2[4]     ; 6.546  ; 6.546  ; 6.546  ; 6.546  ;
; switch[1]  ; Hex2[5]     ;        ; 6.609  ; 6.609  ;        ;
; switch[1]  ; Hex2[6]     ; 6.676  ; 6.676  ; 6.676  ; 6.676  ;
; switch[1]  ; Hex3[0]     ; 6.917  ; 6.917  ; 6.917  ; 6.917  ;
; switch[1]  ; Hex3[2]     ;        ; 6.775  ; 6.775  ;        ;
; switch[1]  ; Hex3[3]     ; 7.010  ; 7.010  ; 7.010  ; 7.010  ;
; switch[1]  ; Hex3[4]     ;        ; 6.001  ; 6.001  ;        ;
; switch[1]  ; Hex3[5]     ;        ; 6.820  ; 6.820  ;        ;
; switch[1]  ; Hex3[6]     ;        ; 6.952  ; 6.952  ;        ;
; switch[1]  ; Hex4[2]     ; 9.615  ;        ;        ; 9.615  ;
; switch[1]  ; Hex4[5]     ; 9.606  ;        ;        ; 9.606  ;
; switch[1]  ; Hex4[6]     ;        ; 9.592  ; 9.592  ;        ;
; switch[1]  ; Hex6[0]     ; 9.553  ;        ;        ; 9.553  ;
; switch[1]  ; Hex6[3]     ; 9.811  ;        ;        ; 9.811  ;
; switch[1]  ; Hex6[4]     ; 9.811  ;        ;        ; 9.811  ;
; switch[1]  ; Hex6[5]     ; 9.791  ;        ;        ; 9.791  ;
; switch[2]  ; Hex0[0]     ;        ; 8.277  ; 8.277  ;        ;
; switch[2]  ; Hex0[1]     ; 9.808  ; 9.808  ; 9.808  ; 9.808  ;
; switch[2]  ; Hex0[2]     ;        ; 9.659  ; 9.659  ;        ;
; switch[2]  ; Hex0[3]     ;        ; 8.948  ; 8.948  ;        ;
; switch[2]  ; Hex0[4]     ; 9.423  ; 9.423  ; 9.423  ; 9.423  ;
; switch[2]  ; Hex0[5]     ; 9.632  ; 9.632  ; 9.632  ; 9.632  ;
; switch[2]  ; Hex0[6]     ;        ; 9.154  ; 9.154  ;        ;
; switch[2]  ; Hex1[0]     ; 7.566  ; 7.566  ; 7.566  ; 7.566  ;
; switch[2]  ; Hex1[1]     ;        ; 7.592  ; 7.592  ;        ;
; switch[2]  ; Hex1[2]     ; 7.728  ; 7.728  ; 7.728  ; 7.728  ;
; switch[2]  ; Hex1[3]     ;        ; 7.155  ; 7.155  ;        ;
; switch[2]  ; Hex1[4]     ; 7.171  ;        ;        ; 7.171  ;
; switch[2]  ; Hex1[5]     ; 7.765  ;        ;        ; 7.765  ;
; switch[2]  ; Hex1[6]     ; 7.974  ; 7.974  ; 7.974  ; 7.974  ;
; switch[2]  ; Hex2[0]     ;        ; 6.595  ; 6.595  ;        ;
; switch[2]  ; Hex2[1]     ; 7.237  ; 7.237  ; 7.237  ; 7.237  ;
; switch[2]  ; Hex2[2]     ;        ; 8.106  ; 8.106  ;        ;
; switch[2]  ; Hex2[3]     ;        ; 6.903  ; 6.903  ;        ;
; switch[2]  ; Hex2[4]     ; 7.516  ; 7.516  ; 7.516  ; 7.516  ;
; switch[2]  ; Hex2[5]     ; 7.573  ; 7.573  ; 7.573  ; 7.573  ;
; switch[2]  ; Hex2[6]     ; 7.630  ; 7.630  ; 7.630  ; 7.630  ;
; switch[2]  ; Hex3[0]     ; 7.438  ; 7.438  ; 7.438  ; 7.438  ;
; switch[2]  ; Hex3[1]     ;        ; 6.787  ; 6.787  ;        ;
; switch[2]  ; Hex3[2]     ; 7.728  ; 7.728  ; 7.728  ; 7.728  ;
; switch[2]  ; Hex3[3]     ;        ; 7.534  ; 7.534  ;        ;
; switch[2]  ; Hex3[4]     ; 7.500  ;        ;        ; 7.500  ;
; switch[2]  ; Hex3[5]     ; 7.791  ;        ;        ; 7.791  ;
; switch[2]  ; Hex3[6]     ; 7.916  ; 7.916  ; 7.916  ; 7.916  ;
; switch[2]  ; Hex4[2]     ; 9.217  ;        ;        ; 9.217  ;
; switch[2]  ; Hex4[5]     ; 9.208  ;        ;        ; 9.208  ;
; switch[2]  ; Hex4[6]     ;        ; 9.194  ; 9.194  ;        ;
; switch[2]  ; Hex6[0]     ; 9.155  ;        ;        ; 9.155  ;
; switch[2]  ; Hex6[3]     ; 9.413  ;        ;        ; 9.413  ;
; switch[2]  ; Hex6[4]     ; 9.413  ;        ;        ; 9.413  ;
; switch[2]  ; Hex6[5]     ; 9.393  ;        ;        ; 9.393  ;
; switch[3]  ; Hex0[0]     ;        ; 8.420  ; 8.420  ;        ;
; switch[3]  ; Hex0[1]     ; 9.683  ;        ;        ; 9.683  ;
; switch[3]  ; Hex0[2]     ; 8.647  ;        ;        ; 8.647  ;
; switch[3]  ; Hex0[3]     ;        ; 9.351  ; 9.351  ;        ;
; switch[3]  ; Hex0[4]     ;        ; 9.469  ; 9.469  ;        ;
; switch[3]  ; Hex0[5]     ;        ; 9.436  ; 9.436  ;        ;
; switch[3]  ; Hex0[6]     ;        ; 9.898  ; 9.898  ;        ;
; switch[3]  ; Hex1[0]     ; 7.316  ;        ;        ; 7.316  ;
; switch[3]  ; Hex1[1]     ;        ; 7.970  ; 7.970  ;        ;
; switch[3]  ; Hex1[2]     ;        ; 6.831  ; 6.831  ;        ;
; switch[3]  ; Hex1[3]     ;        ; 6.775  ; 6.775  ;        ;
; switch[3]  ; Hex1[4]     ;        ; 7.552  ; 7.552  ;        ;
; switch[3]  ; Hex1[5]     ; 6.887  ;        ;        ; 6.887  ;
; switch[3]  ; Hex1[6]     ;        ; 6.676  ; 6.676  ;        ;
; switch[3]  ; Hex2[0]     ;        ; 7.672  ; 7.672  ;        ;
; switch[3]  ; Hex2[1]     ; 7.158  ;        ;        ; 7.158  ;
; switch[3]  ; Hex2[2]     ; 6.733  ;        ;        ; 6.733  ;
; switch[3]  ; Hex2[3]     ;        ; 8.021  ; 8.021  ;        ;
; switch[3]  ; Hex2[4]     ;        ; 6.598  ; 6.598  ;        ;
; switch[3]  ; Hex2[5]     ;        ; 7.986  ; 7.986  ;        ;
; switch[3]  ; Hex2[6]     ;        ; 6.615  ; 6.615  ;        ;
; switch[3]  ; Hex3[0]     ; 7.188  ;        ;        ; 7.188  ;
; switch[3]  ; Hex3[1]     ;        ; 7.831  ; 7.831  ;        ;
; switch[3]  ; Hex3[2]     ;        ; 6.822  ; 6.822  ;        ;
; switch[3]  ; Hex3[3]     ;        ; 7.136  ; 7.136  ;        ;
; switch[3]  ; Hex3[4]     ;        ; 7.101  ; 7.101  ;        ;
; switch[3]  ; Hex3[5]     ; 6.913  ;        ;        ; 6.913  ;
; switch[3]  ; Hex3[6]     ;        ; 6.651  ; 6.651  ;        ;
; switch[3]  ; Hex4[2]     ;        ; 9.618  ; 9.618  ;        ;
; switch[3]  ; Hex4[5]     ;        ; 9.609  ; 9.609  ;        ;
; switch[3]  ; Hex4[6]     ; 9.595  ;        ;        ; 9.595  ;
; switch[3]  ; Hex6[0]     ;        ; 9.556  ; 9.556  ;        ;
; switch[3]  ; Hex6[3]     ;        ; 9.814  ; 9.814  ;        ;
; switch[3]  ; Hex6[4]     ;        ; 9.814  ; 9.814  ;        ;
; switch[3]  ; Hex6[5]     ;        ; 9.794  ; 9.794  ;        ;
; switch[4]  ; Hex0[0]     ;        ; 7.733  ; 7.733  ;        ;
; switch[4]  ; Hex0[1]     ; 9.093  ;        ;        ; 9.093  ;
; switch[4]  ; Hex0[2]     ; 8.400  ;        ;        ; 8.400  ;
; switch[4]  ; Hex0[3]     ;        ; 9.046  ; 9.046  ;        ;
; switch[4]  ; Hex0[4]     ;        ; 8.972  ; 8.972  ;        ;
; switch[4]  ; Hex0[5]     ;        ; 9.033  ; 9.033  ;        ;
; switch[4]  ; Hex0[6]     ;        ; 9.019  ; 9.019  ;        ;
; switch[4]  ; Hex1[0]     ; 6.580  ;        ;        ; 6.580  ;
; switch[4]  ; Hex1[1]     ;        ; 6.683  ; 6.683  ;        ;
; switch[4]  ; Hex1[2]     ;        ; 6.567  ; 6.567  ;        ;
; switch[4]  ; Hex1[3]     ;        ; 6.123  ; 6.123  ;        ;
; switch[4]  ; Hex1[4]     ;        ; 6.189  ; 6.189  ;        ;
; switch[4]  ; Hex1[5]     ; 6.617  ;        ;        ; 6.617  ;
; switch[4]  ; Hex1[6]     ;        ; 6.652  ; 6.652  ;        ;
; switch[4]  ; Hex2[0]     ;        ; 6.693  ; 6.693  ;        ;
; switch[4]  ; Hex2[1]     ; 6.565  ;        ;        ; 6.565  ;
; switch[4]  ; Hex2[2]     ; 6.325  ;        ;        ; 6.325  ;
; switch[4]  ; Hex2[3]     ;        ; 6.958  ; 6.958  ;        ;
; switch[4]  ; Hex2[4]     ;        ; 6.318  ; 6.318  ;        ;
; switch[4]  ; Hex2[5]     ;        ; 7.008  ; 7.008  ;        ;
; switch[4]  ; Hex2[6]     ;        ; 6.346  ; 6.346  ;        ;
; switch[4]  ; Hex3[0]     ; 6.452  ;        ;        ; 6.452  ;
; switch[4]  ; Hex3[1]     ;        ; 6.465  ; 6.465  ;        ;
; switch[4]  ; Hex3[2]     ;        ; 6.542  ; 6.542  ;        ;
; switch[4]  ; Hex3[3]     ;        ; 6.506  ; 6.506  ;        ;
; switch[4]  ; Hex3[4]     ;        ; 6.444  ; 6.444  ;        ;
; switch[4]  ; Hex3[5]     ; 6.643  ;        ;        ; 6.643  ;
; switch[4]  ; Hex3[6]     ;        ; 6.592  ; 6.592  ;        ;
; switch[4]  ; Hex4[2]     ;        ; 9.942  ; 9.942  ;        ;
; switch[4]  ; Hex4[5]     ;        ; 9.933  ; 9.933  ;        ;
; switch[4]  ; Hex4[6]     ; 9.919  ;        ;        ; 9.919  ;
; switch[4]  ; Hex6[0]     ;        ; 9.880  ; 9.880  ;        ;
; switch[4]  ; Hex6[3]     ;        ; 10.138 ; 10.138 ;        ;
; switch[4]  ; Hex6[4]     ;        ; 10.138 ; 10.138 ;        ;
; switch[4]  ; Hex6[5]     ;        ; 10.118 ; 10.118 ;        ;
+------------+-------------+--------+--------+--------+--------+


+----------------------------------------------------------+
; Minimum Progagation Delay                                ;
+------------+-------------+-------+-------+-------+-------+
; Input Port ; Output Port ; RR    ; RF    ; FR    ; FF    ;
+------------+-------------+-------+-------+-------+-------+
; pushBut[0] ; Hex0[0]     ;       ; 6.720 ; 6.720 ;       ;
; pushBut[0] ; Hex0[1]     ;       ; 7.029 ; 7.029 ;       ;
; pushBut[0] ; Hex0[2]     ;       ; 6.594 ; 6.594 ;       ;
; pushBut[0] ; Hex0[3]     ;       ; 7.349 ; 7.349 ;       ;
; pushBut[0] ; Hex0[4]     ;       ; 7.014 ; 7.014 ;       ;
; pushBut[0] ; Hex0[5]     ;       ; 7.045 ; 7.045 ;       ;
; pushBut[0] ; Hex0[6]     ; 7.043 ;       ;       ; 7.043 ;
; pushBut[0] ; Hex1[0]     ;       ; 5.933 ; 5.933 ;       ;
; pushBut[0] ; Hex1[1]     ; 5.926 ;       ;       ; 5.926 ;
; pushBut[0] ; Hex1[2]     ; 5.646 ;       ;       ; 5.646 ;
; pushBut[0] ; Hex1[3]     ; 5.670 ;       ;       ; 5.670 ;
; pushBut[0] ; Hex1[4]     ;       ; 5.716 ; 5.716 ;       ;
; pushBut[0] ; Hex1[5]     ;       ; 5.660 ; 5.660 ;       ;
; pushBut[0] ; Hex1[6]     ;       ; 5.686 ; 5.686 ;       ;
; pushBut[0] ; Hex2[0]     ;       ; 5.922 ; 5.922 ;       ;
; pushBut[0] ; Hex2[1]     ; 5.811 ;       ;       ; 5.811 ;
; pushBut[0] ; Hex2[2]     ; 5.714 ;       ;       ; 5.714 ;
; pushBut[0] ; Hex2[3]     ; 6.084 ;       ;       ; 6.084 ;
; pushBut[0] ; Hex2[4]     ;       ; 5.559 ; 5.559 ;       ;
; pushBut[0] ; Hex2[5]     ;       ; 6.071 ; 6.071 ;       ;
; pushBut[0] ; Hex2[6]     ;       ; 5.544 ; 5.544 ;       ;
; pushBut[0] ; Hex3[0]     ;       ; 5.834 ; 5.834 ;       ;
; pushBut[0] ; Hex3[1]     ;       ; 6.137 ; 6.137 ;       ;
; pushBut[0] ; Hex3[2]     ;       ; 5.655 ; 5.655 ;       ;
; pushBut[0] ; Hex3[3]     ;       ; 5.873 ; 5.873 ;       ;
; pushBut[0] ; Hex3[4]     ;       ; 5.763 ; 5.763 ;       ;
; pushBut[0] ; Hex3[5]     ;       ; 5.667 ; 5.667 ;       ;
; pushBut[0] ; Hex3[6]     ; 5.648 ;       ;       ; 5.648 ;
; pushBut[0] ; Hex4[2]     ;       ; 7.548 ; 7.548 ;       ;
; pushBut[0] ; Hex4[5]     ;       ; 7.540 ; 7.540 ;       ;
; pushBut[0] ; Hex4[6]     ; 7.527 ;       ;       ; 7.527 ;
; pushBut[0] ; Hex6[0]     ;       ; 7.500 ; 7.500 ;       ;
; pushBut[0] ; Hex6[3]     ;       ; 7.671 ; 7.671 ;       ;
; pushBut[0] ; Hex6[4]     ;       ; 7.671 ; 7.671 ;       ;
; pushBut[0] ; Hex6[5]     ;       ; 7.651 ; 7.651 ;       ;
; pushBut[2] ; green[8]    ; 5.516 ;       ;       ; 5.516 ;
; switch[0]  ; Hex0[0]     ; 4.308 ; 4.308 ; 4.308 ; 4.308 ;
; switch[0]  ; Hex0[1]     ; 4.839 ; 4.839 ; 4.839 ; 4.839 ;
; switch[0]  ; Hex0[2]     ; 4.924 ;       ;       ; 4.924 ;
; switch[0]  ; Hex0[3]     ;       ; 4.804 ; 4.804 ;       ;
; switch[0]  ; Hex0[4]     ; 4.701 ; 4.701 ; 4.701 ; 4.701 ;
; switch[0]  ; Hex0[5]     ; 4.794 ; 4.794 ; 4.794 ; 4.794 ;
; switch[0]  ; Hex0[6]     ;       ; 4.413 ; 4.413 ;       ;
; switch[0]  ; Hex1[0]     ; 3.826 ;       ;       ; 3.826 ;
; switch[0]  ; Hex1[1]     ; 3.508 ;       ;       ; 3.508 ;
; switch[0]  ; Hex1[2]     ; 3.903 ; 3.903 ; 3.903 ; 3.903 ;
; switch[0]  ; Hex1[3]     ; 3.553 ; 3.553 ; 3.553 ; 3.553 ;
; switch[0]  ; Hex1[4]     ; 3.387 ;       ;       ; 3.387 ;
; switch[0]  ; Hex1[5]     ;       ; 3.914 ; 3.914 ;       ;
; switch[0]  ; Hex1[6]     ; 4.021 ; 4.021 ; 4.021 ; 4.021 ;
; switch[0]  ; Hex2[0]     ; 3.670 ; 3.670 ; 3.670 ; 3.670 ;
; switch[0]  ; Hex2[1]     ; 3.610 ; 3.610 ; 3.610 ; 3.610 ;
; switch[0]  ; Hex2[2]     ; 4.091 ;       ;       ; 4.091 ;
; switch[0]  ; Hex2[3]     ;       ; 3.833 ; 3.833 ;       ;
; switch[0]  ; Hex2[4]     ; 3.835 ; 3.835 ; 3.835 ; 3.835 ;
; switch[0]  ; Hex2[5]     ; 3.818 ; 3.818 ; 3.818 ; 3.818 ;
; switch[0]  ; Hex2[6]     ; 3.861 ; 3.861 ; 3.861 ; 3.861 ;
; switch[0]  ; Hex3[0]     ; 3.727 ;       ;       ; 3.727 ;
; switch[0]  ; Hex3[1]     ; 3.522 ;       ;       ; 3.522 ;
; switch[0]  ; Hex3[2]     ; 3.934 ; 3.934 ; 3.934 ; 3.934 ;
; switch[0]  ; Hex3[3]     ; 3.762 ; 3.762 ; 3.762 ; 3.762 ;
; switch[0]  ; Hex3[4]     ; 3.648 ;       ;       ; 3.648 ;
; switch[0]  ; Hex3[5]     ;       ; 3.921 ; 3.921 ;       ;
; switch[0]  ; Hex3[6]     ; 3.988 ; 3.988 ; 3.988 ; 3.988 ;
; switch[0]  ; Hex4[2]     ; 5.002 ;       ;       ; 5.002 ;
; switch[0]  ; Hex4[5]     ; 4.994 ;       ;       ; 4.994 ;
; switch[0]  ; Hex4[6]     ;       ; 4.981 ; 4.981 ;       ;
; switch[0]  ; Hex6[0]     ; 4.954 ;       ;       ; 4.954 ;
; switch[0]  ; Hex6[3]     ; 5.125 ;       ;       ; 5.125 ;
; switch[0]  ; Hex6[4]     ; 5.125 ;       ;       ; 5.125 ;
; switch[0]  ; Hex6[5]     ; 5.105 ;       ;       ; 5.105 ;
; switch[1]  ; Hex0[0]     ; 4.118 ; 4.118 ; 4.118 ; 4.118 ;
; switch[1]  ; Hex0[2]     ;       ; 4.461 ; 4.461 ;       ;
; switch[1]  ; Hex0[3]     ;       ; 4.696 ; 4.696 ;       ;
; switch[1]  ; Hex0[4]     ; 4.597 ; 4.597 ; 4.597 ; 4.597 ;
; switch[1]  ; Hex0[5]     ;       ; 4.681 ; 4.681 ;       ;
; switch[1]  ; Hex0[6]     ;       ; 4.309 ; 4.309 ;       ;
; switch[1]  ; Hex1[0]     ; 3.613 ; 3.613 ; 3.613 ; 3.613 ;
; switch[1]  ; Hex1[2]     ;       ; 3.444 ; 3.444 ;       ;
; switch[1]  ; Hex1[3]     ; 3.362 ; 3.362 ; 3.362 ; 3.362 ;
; switch[1]  ; Hex1[4]     ;       ; 3.329 ; 3.329 ;       ;
; switch[1]  ; Hex1[5]     ;       ; 3.450 ; 3.450 ;       ;
; switch[1]  ; Hex1[6]     ;       ; 3.558 ; 3.558 ;       ;
; switch[1]  ; Hex2[0]     ; 3.561 ; 3.561 ; 3.561 ; 3.561 ;
; switch[1]  ; Hex2[2]     ;       ; 3.628 ; 3.628 ;       ;
; switch[1]  ; Hex2[3]     ;       ; 3.725 ; 3.725 ;       ;
; switch[1]  ; Hex2[4]     ; 3.374 ; 3.374 ; 3.374 ; 3.374 ;
; switch[1]  ; Hex2[5]     ;       ; 3.421 ; 3.421 ;       ;
; switch[1]  ; Hex2[6]     ; 3.403 ; 3.403 ; 3.403 ; 3.403 ;
; switch[1]  ; Hex3[0]     ; 3.514 ; 3.514 ; 3.514 ; 3.514 ;
; switch[1]  ; Hex3[2]     ;       ; 3.475 ; 3.475 ;       ;
; switch[1]  ; Hex3[3]     ; 3.571 ; 3.571 ; 3.571 ; 3.571 ;
; switch[1]  ; Hex3[4]     ;       ; 3.106 ; 3.106 ;       ;
; switch[1]  ; Hex3[5]     ;       ; 3.457 ; 3.457 ;       ;
; switch[1]  ; Hex3[6]     ;       ; 3.525 ; 3.525 ;       ;
; switch[1]  ; Hex4[2]     ; 4.920 ;       ;       ; 4.920 ;
; switch[1]  ; Hex4[5]     ; 4.912 ;       ;       ; 4.912 ;
; switch[1]  ; Hex4[6]     ;       ; 4.899 ; 4.899 ;       ;
; switch[1]  ; Hex6[0]     ; 4.872 ;       ;       ; 4.872 ;
; switch[1]  ; Hex6[3]     ; 5.043 ;       ;       ; 5.043 ;
; switch[1]  ; Hex6[4]     ; 5.043 ;       ;       ; 5.043 ;
; switch[1]  ; Hex6[5]     ; 5.023 ;       ;       ; 5.023 ;
; switch[2]  ; Hex0[0]     ;       ; 4.312 ; 4.312 ;       ;
; switch[2]  ; Hex0[1]     ; 4.889 ; 4.889 ; 4.889 ; 4.889 ;
; switch[2]  ; Hex0[2]     ;       ; 4.894 ; 4.894 ;       ;
; switch[2]  ; Hex0[3]     ;       ; 4.533 ; 4.533 ;       ;
; switch[2]  ; Hex0[4]     ; 4.721 ; 4.721 ; 4.721 ; 4.721 ;
; switch[2]  ; Hex0[5]     ; 4.806 ; 4.806 ; 4.806 ; 4.806 ;
; switch[2]  ; Hex0[6]     ;       ; 4.593 ; 4.593 ;       ;
; switch[2]  ; Hex1[0]     ; 3.855 ; 3.855 ; 3.855 ; 3.855 ;
; switch[2]  ; Hex1[1]     ;       ; 3.855 ; 3.855 ;       ;
; switch[2]  ; Hex1[2]     ; 3.880 ; 3.880 ; 3.880 ; 3.880 ;
; switch[2]  ; Hex1[3]     ;       ; 3.606 ; 3.606 ;       ;
; switch[2]  ; Hex1[4]     ; 3.634 ;       ;       ; 3.634 ;
; switch[2]  ; Hex1[5]     ; 3.927 ;       ;       ; 3.927 ;
; switch[2]  ; Hex1[6]     ; 4.008 ; 4.008 ; 4.008 ; 4.008 ;
; switch[2]  ; Hex2[0]     ;       ; 3.395 ; 3.395 ;       ;
; switch[2]  ; Hex2[1]     ; 3.660 ; 3.660 ; 3.660 ; 3.660 ;
; switch[2]  ; Hex2[2]     ;       ; 4.061 ; 4.061 ;       ;
; switch[2]  ; Hex2[3]     ;       ; 3.542 ; 3.542 ;       ;
; switch[2]  ; Hex2[4]     ; 3.821 ; 3.821 ; 3.821 ; 3.821 ;
; switch[2]  ; Hex2[5]     ; 3.827 ; 3.827 ; 3.827 ; 3.827 ;
; switch[2]  ; Hex2[6]     ; 3.844 ; 3.844 ; 3.844 ; 3.844 ;
; switch[2]  ; Hex3[0]     ; 3.756 ; 3.756 ; 3.756 ; 3.756 ;
; switch[2]  ; Hex3[1]     ;       ; 3.492 ; 3.492 ;       ;
; switch[2]  ; Hex3[2]     ; 3.911 ; 3.911 ; 3.911 ; 3.911 ;
; switch[2]  ; Hex3[3]     ;       ; 3.815 ; 3.815 ;       ;
; switch[2]  ; Hex3[4]     ; 3.816 ;       ;       ; 3.816 ;
; switch[2]  ; Hex3[5]     ; 3.934 ;       ;       ; 3.934 ;
; switch[2]  ; Hex3[6]     ; 3.975 ; 3.975 ; 3.975 ; 3.975 ;
; switch[2]  ; Hex4[2]     ; 4.745 ;       ;       ; 4.745 ;
; switch[2]  ; Hex4[5]     ; 4.737 ;       ;       ; 4.737 ;
; switch[2]  ; Hex4[6]     ;       ; 4.724 ; 4.724 ;       ;
; switch[2]  ; Hex6[0]     ; 4.697 ;       ;       ; 4.697 ;
; switch[2]  ; Hex6[3]     ; 4.868 ;       ;       ; 4.868 ;
; switch[2]  ; Hex6[4]     ; 4.868 ;       ;       ; 4.868 ;
; switch[2]  ; Hex6[5]     ; 4.848 ;       ;       ; 4.848 ;
; switch[3]  ; Hex0[0]     ;       ; 4.387 ; 4.387 ;       ;
; switch[3]  ; Hex0[1]     ; 4.872 ;       ;       ; 4.872 ;
; switch[3]  ; Hex0[2]     ; 4.464 ;       ;       ; 4.464 ;
; switch[3]  ; Hex0[3]     ;       ; 4.727 ; 4.727 ;       ;
; switch[3]  ; Hex0[4]     ;       ; 4.785 ; 4.785 ;       ;
; switch[3]  ; Hex0[5]     ;       ; 4.747 ; 4.747 ;       ;
; switch[3]  ; Hex0[6]     ;       ; 4.924 ; 4.924 ;       ;
; switch[3]  ; Hex1[0]     ; 3.777 ;       ;       ; 3.777 ;
; switch[3]  ; Hex1[1]     ;       ; 4.065 ; 4.065 ;       ;
; switch[3]  ; Hex1[2]     ;       ; 3.505 ; 3.505 ;       ;
; switch[3]  ; Hex1[3]     ;       ; 3.487 ; 3.487 ;       ;
; switch[3]  ; Hex1[4]     ;       ; 3.841 ; 3.841 ;       ;
; switch[3]  ; Hex1[5]     ; 3.530 ;       ;       ; 3.530 ;
; switch[3]  ; Hex1[6]     ;       ; 3.455 ; 3.455 ;       ;
; switch[3]  ; Hex2[0]     ;       ; 3.884 ; 3.884 ;       ;
; switch[3]  ; Hex2[1]     ; 3.648 ;       ;       ; 3.648 ;
; switch[3]  ; Hex2[2]     ; 3.463 ;       ;       ; 3.463 ;
; switch[3]  ; Hex2[3]     ;       ; 4.042 ; 4.042 ;       ;
; switch[3]  ; Hex2[4]     ;       ; 3.429 ; 3.429 ;       ;
; switch[3]  ; Hex2[5]     ;       ; 4.031 ; 4.031 ;       ;
; switch[3]  ; Hex2[6]     ;       ; 3.401 ; 3.401 ;       ;
; switch[3]  ; Hex3[0]     ; 3.678 ;       ;       ; 3.678 ;
; switch[3]  ; Hex3[1]     ;       ; 3.981 ; 3.981 ;       ;
; switch[3]  ; Hex3[2]     ;       ; 3.524 ; 3.524 ;       ;
; switch[3]  ; Hex3[3]     ;       ; 3.691 ; 3.691 ;       ;
; switch[3]  ; Hex3[4]     ;       ; 3.626 ; 3.626 ;       ;
; switch[3]  ; Hex3[5]     ; 3.537 ;       ;       ; 3.537 ;
; switch[3]  ; Hex3[6]     ;       ; 3.418 ; 3.418 ;       ;
; switch[3]  ; Hex4[2]     ;       ; 4.914 ; 4.914 ;       ;
; switch[3]  ; Hex4[5]     ;       ; 4.906 ; 4.906 ;       ;
; switch[3]  ; Hex4[6]     ; 4.893 ;       ;       ; 4.893 ;
; switch[3]  ; Hex6[0]     ;       ; 4.866 ; 4.866 ;       ;
; switch[3]  ; Hex6[3]     ;       ; 5.037 ; 5.037 ;       ;
; switch[3]  ; Hex6[4]     ;       ; 5.037 ; 5.037 ;       ;
; switch[3]  ; Hex6[5]     ;       ; 5.017 ; 5.017 ;       ;
; switch[4]  ; Hex0[0]     ;       ; 4.035 ; 4.035 ;       ;
; switch[4]  ; Hex0[1]     ; 4.583 ;       ;       ; 4.583 ;
; switch[4]  ; Hex0[2]     ; 4.329 ;       ;       ; 4.329 ;
; switch[4]  ; Hex0[3]     ;       ; 4.576 ; 4.576 ;       ;
; switch[4]  ; Hex0[4]     ;       ; 4.527 ; 4.527 ;       ;
; switch[4]  ; Hex0[5]     ;       ; 4.561 ; 4.561 ;       ;
; switch[4]  ; Hex0[6]     ;       ; 4.506 ; 4.506 ;       ;
; switch[4]  ; Hex1[0]     ; 3.415 ;       ;       ; 3.415 ;
; switch[4]  ; Hex1[1]     ;       ; 3.474 ; 3.474 ;       ;
; switch[4]  ; Hex1[2]     ;       ; 3.384 ; 3.384 ;       ;
; switch[4]  ; Hex1[3]     ;       ; 3.149 ; 3.149 ;       ;
; switch[4]  ; Hex1[4]     ;       ; 3.199 ; 3.199 ;       ;
; switch[4]  ; Hex1[5]     ; 3.400 ;       ;       ; 3.400 ;
; switch[4]  ; Hex1[6]     ;       ; 3.426 ; 3.426 ;       ;
; switch[4]  ; Hex2[0]     ;       ; 3.437 ; 3.437 ;       ;
; switch[4]  ; Hex2[1]     ; 3.359 ;       ;       ; 3.359 ;
; switch[4]  ; Hex2[2]     ; 3.266 ;       ;       ; 3.266 ;
; switch[4]  ; Hex2[3]     ;       ; 3.558 ; 3.558 ;       ;
; switch[4]  ; Hex2[4]     ;       ; 3.297 ; 3.297 ;       ;
; switch[4]  ; Hex2[5]     ;       ; 3.588 ; 3.588 ;       ;
; switch[4]  ; Hex2[6]     ;       ; 3.282 ; 3.282 ;       ;
; switch[4]  ; Hex3[0]     ; 3.316 ;       ;       ; 3.316 ;
; switch[4]  ; Hex3[1]     ;       ; 3.333 ; 3.333 ;       ;
; switch[4]  ; Hex3[2]     ;       ; 3.393 ; 3.393 ;       ;
; switch[4]  ; Hex3[3]     ;       ; 3.356 ; 3.356 ;       ;
; switch[4]  ; Hex3[4]     ;       ; 3.344 ; 3.344 ;       ;
; switch[4]  ; Hex3[5]     ; 3.407 ;       ;       ; 3.407 ;
; switch[4]  ; Hex3[6]     ;       ; 3.390 ; 3.390 ;       ;
; switch[4]  ; Hex4[2]     ;       ; 5.027 ; 5.027 ;       ;
; switch[4]  ; Hex4[5]     ;       ; 5.019 ; 5.019 ;       ;
; switch[4]  ; Hex4[6]     ; 5.006 ;       ;       ; 5.006 ;
; switch[4]  ; Hex6[0]     ;       ; 4.979 ; 4.979 ;       ;
; switch[4]  ; Hex6[3]     ;       ; 5.150 ; 5.150 ;       ;
; switch[4]  ; Hex6[4]     ;       ; 5.150 ; 5.150 ;       ;
; switch[4]  ; Hex6[5]     ;       ; 5.130 ; 5.130 ;       ;
+------------+-------------+-------+-------+-------+-------+


-------------------
; Clock Transfers ;
-------------------
Nothing to report.


---------------
; Report TCCS ;
---------------
No dedicated SERDES Transmitter circuitry present in device or used in design


---------------
; Report RSKM ;
---------------
No dedicated SERDES Receiver circuitry present in device or used in design


+------------------------------------------------+
; Unconstrained Paths                            ;
+---------------------------------+-------+------+
; Property                        ; Setup ; Hold ;
+---------------------------------+-------+------+
; Illegal Clocks                  ; 0     ; 0    ;
; Unconstrained Clocks            ; 0     ; 0    ;
; Unconstrained Input Ports       ; 7     ; 7    ;
; Unconstrained Input Port Paths  ; 207   ; 207  ;
; Unconstrained Output Ports      ; 36    ; 36   ;
; Unconstrained Output Port Paths ; 207   ; 207  ;
+---------------------------------+-------+------+


+------------------------------------+
; TimeQuest Timing Analyzer Messages ;
+------------------------------------+
Info: *******************************************************************
Info: Running Quartus II 64-Bit TimeQuest Timing Analyzer
    Info: Version 13.0.1 Build 232 06/12/2013 Service Pack 1 SJ Web Edition
    Info: Processing started: Fri Oct 24 18:44:21 2014
Info: Command: quartus_sta MasterVerilog_FPGA -c MasterVerilog
Info: qsta_default_script.tcl version: #1
Warning (20028): Parallel compilation is not licensed and has been disabled
Info (21077): Low junction temperature is 0 degrees C
Info (21077): High junction temperature is 85 degrees C
Critical Warning (332012): Synopsys Design Constraints File file not found: 'MasterVerilog.sdc'. A Synopsys Design Constraints File is required by the TimeQuest Timing Analyzer to get proper timing constraints. Without it, the Compiler will not properly optimize the design.
Info (332142): No user constrained base clocks found in the design. Calling "derive_clocks -period 1.0"
Info (332096): The command derive_clocks did not find any clocks to derive.  No clocks were created or changed.
Warning (332068): No clocks defined in design.
Info: Found TIMEQUEST_REPORT_SCRIPT_INCLUDE_DEFAULT_ANALYSIS = ON
Info (332159): No clocks to report
Info: Analyzing Slow Model
Info (332140): No fmax paths to report
Info (332140): No Setup paths to report
Info (332140): No Hold paths to report
Info (332140): No Recovery paths to report
Info (332140): No Removal paths to report
Info (332140): No Minimum Pulse Width paths to report
Info (332001): The selected device family is not supported by the report_metastability command.
Info: Analyzing Fast Model
Info (332142): No user constrained base clocks found in the design. Calling "derive_clocks -period 1.0"
Info (332096): The command derive_clocks did not find any clocks to derive.  No clocks were created or changed.
Warning (332068): No clocks defined in design.
Info (332140): No Setup paths to report
Info (332140): No Hold paths to report
Info (332140): No Recovery paths to report
Info (332140): No Removal paths to report
Info (332140): No Minimum Pulse Width paths to report
Info (332001): The selected device family is not supported by the report_metastability command.
Info (332102): Design is not fully constrained for setup requirements
Info (332102): Design is not fully constrained for hold requirements
Info: Quartus II 64-Bit TimeQuest Timing Analyzer was successful. 0 errors, 4 warnings
    Info: Peak virtual memory: 390 megabytes
    Info: Processing ended: Fri Oct 24 18:44:21 2014
    Info: Elapsed time: 00:00:00
    Info: Total CPU time (on all processors): 00:00:01


